#
# There is insufficient memory for the Java Runtime Environment to continue.
# Native memory allocation (malloc) failed to allocate 1046256 bytes for Chunk::new
# Possible reasons:
#   The system is out of physical RAM or swap space
#   In 32 bit mode, the process size limit was hit
# Possible solutions:
#   Reduce memory load on the system
#   Increase physical memory or swap space
#   Check if swap backing store is full
#   Use 64 bit Java on a 64 bit OS
#   Decrease Java heap size (-Xmx/-Xms)
#   Decrease number of Java threads
#   Decrease Java thread stack sizes (-Xss)
#   Set larger code cache with -XX:ReservedCodeCacheSize=
# This output file may be truncated or incomplete.
#
#  Out of Memory Error (allocation.cpp:390), pid=13388, tid=0x00000000000008c0
#
# JRE version: Java(TM) SE Runtime Environment (8.0_92-b14) (build 1.8.0_92-b14)
# Java VM: Java HotSpot(TM) 64-Bit Server VM (25.92-b14 mixed mode windows-amd64 compressed oops)
# Failed to write core dump. Minidumps are not enabled by default on client versions of Windows
#

---------------  T H R E A D  ---------------

Current thread (0x00000000552ed800):  JavaThread "C2 CompilerThread1" daemon [_thread_in_native, id=2240, stack(0x0000000056f50000,0x0000000057050000)]

Stack: [0x0000000056f50000,0x0000000057050000]
[error occurred during error reporting (printing stack bounds), id 0xc0000005]

Native frames: (J=compiled Java code, j=interpreted, Vv=VM code, C=native code)


Current CompileTask:
C2:   5244 1426   !   4       com.android.dx.cf.cst.ConstantPoolParser::parse0 (731 bytes)


---------------  P R O C E S S  ---------------

Java Threads: ( => current thread )
  0x0000000057561800 JavaThread "pool-2-thread-4" [_thread_blocked, id=13564, stack(0x0000000058110000,0x0000000058210000)]
  0x000000005755f000 JavaThread "pool-2-thread-3" [_thread_blocked, id=13448, stack(0x0000000057fc0000,0x00000000580c0000)]
  0x0000000057558800 JavaThread "pool-2-thread-2" [_thread_blocked, id=13372, stack(0x0000000057d20000,0x0000000057e20000)]
  0x0000000056a22000 JavaThread "pool-3-thread-1" [_thread_blocked, id=13796, stack(0x0000000057e40000,0x0000000057f40000)]
  0x0000000056a21000 JavaThread "pool-2-thread-1" [_thread_blocked, id=14072, stack(0x0000000056e20000,0x0000000056f20000)]
  0x00000000566a4000 JavaThread "Service Thread" daemon [_thread_blocked, id=12300, stack(0x0000000057240000,0x0000000057340000)]
  0x00000000566a1000 JavaThread "C1 CompilerThread2" daemon [_thread_blocked, id=13460, stack(0x0000000057120000,0x0000000057220000)]
=>0x00000000552ed800 JavaThread "C2 CompilerThread1" daemon [_thread_in_native, id=2240, stack(0x0000000056f50000,0x0000000057050000)]
  0x000000005663b800 JavaThread "C2 CompilerThread0" daemon [_thread_blocked, id=14304, stack(0x0000000056d20000,0x0000000056e20000)]
  0x000000005663a000 JavaThread "Attach Listener" daemon [_thread_blocked, id=13660, stack(0x0000000056bc0000,0x0000000056cc0000)]
  0x0000000056639800 JavaThread "Signal Dispatcher" daemon [_thread_blocked, id=13320, stack(0x0000000056ab0000,0x0000000056bb0000)]
  0x00000000552c9000 JavaThread "Finalizer" daemon [_thread_blocked, id=13336, stack(0x0000000056530000,0x0000000056630000)]
  0x0000000055282000 JavaThread "Reference Handler" daemon [_thread_blocked, id=13652, stack(0x0000000056430000,0x0000000056530000)]
  0x00000000025ff000 JavaThread "main" [_thread_blocked, id=13668, stack(0x0000000002870000,0x0000000002970000)]

Other Threads:
  0x000000005527a800 VMThread [stack: 0x00000000561b0000,0x00000000562b0000] [id=14268]
  0x00000000566ac000 WatcherThread [stack: 0x00000000573f0000,0x00000000574f0000] [id=13124]

VM state:not at safepoint (normal execution)

VM Mutex/Monitor currently owned by a thread: None

Heap:
 PSYoungGen      total 35328K, used 21651K [0x00000000eab00000, 0x00000000ed000000, 0x0000000100000000)
  eden space 32768K, 58% used [0x00000000eab00000,0x00000000ebdaa080,0x00000000ecb00000)
  from space 2560K, 99% used [0x00000000ecd80000,0x00000000ecffad00,0x00000000ed000000)
  to   space 2560K, 0% used [0x00000000ecb00000,0x00000000ecb00000,0x00000000ecd80000)
 ParOldGen       total 44032K, used 7246K [0x00000000c0000000, 0x00000000c2b00000, 0x00000000eab00000)
  object space 44032K, 16% used [0x00000000c0000000,0x00000000c0713880,0x00000000c2b00000)
 Metaspace       used 6164K, capacity 7028K, committed 7296K, reserved 1056768K
  class space    used 602K, capacity 620K, committed 640K, reserved 1048576K

Card table byte_map: [0x0000000011d30000,0x0000000011f40000] byte_map_base: 0x0000000011730000

Marking Bits: (ParMarkBitMap*) 0x000000006b9164f0
 Begin Bits: [0x00000000126f0000, 0x00000000136f0000)
 End Bits:   [0x00000000136f0000, 0x00000000146f0000)

Polling page: 0x0000000000260000

CodeCache: size=245760Kb used=5909Kb max_used=5909Kb free=239850Kb
 bounds [0x0000000002970000, 0x0000000002f40000, 0x0000000011970000]
 total_blobs=1703 nmethods=1434 adapters=182
 compilation: enabled

Compilation events (10 events):
Event: 5.187 Thread 0x000000005663b800 1435       4       com.android.dx.ssa.Dominators::compress (229 bytes)
Event: 5.214 Thread 0x000000005663b800 nmethod 1435 0x0000000002f39ad0 code [0x0000000002f39cc0, 0x0000000002f3ab88]
Event: 5.215 Thread 0x00000000566a1000 1436       3       com.android.dx.rop.type.Type::asUninitialized (140 bytes)
Event: 5.216 Thread 0x00000000566a1000 nmethod 1436 0x0000000002f15850 code [0x0000000002f15ba0, 0x0000000002f17778]
Event: 5.217 Thread 0x00000000566a1000 1437   !   3       com.android.dx.cf.code.Ropper::doit (126 bytes)
Event: 5.218 Thread 0x00000000566a1000 nmethod 1437 0x0000000002f32250 code [0x0000000002f32540, 0x0000000002f33938]
Event: 5.218 Thread 0x00000000566a1000 1438       3       com.android.dx.ssa.SsaRenamer::<init> (100 bytes)
Event: 5.218 Thread 0x00000000566a1000 nmethod 1438 0x0000000002f31110 code [0x0000000002f31300, 0x0000000002f31dc8]
Event: 5.218 Thread 0x00000000566a1000 1439       3       java.util.HashMap$HashIterator::hasNext (13 bytes)
Event: 5.218 Thread 0x00000000566a1000 nmethod 1439 0x0000000002efb190 code [0x0000000002efb2e0, 0x0000000002efb490]

GC Heap History (4 events):
Event: 2.529 GC heap before
{Heap before GC invocations=1 (full 0):
 PSYoungGen      total 18944K, used 16384K [0x00000000eab00000, 0x00000000ec000000, 0x0000000100000000)
  eden space 16384K, 100% used [0x00000000eab00000,0x00000000ebb00000,0x00000000ebb00000)
  from space 2560K, 0% used [0x00000000ebd80000,0x00000000ebd80000,0x00000000ec000000)
  to   space 2560K, 0% used [0x00000000ebb00000,0x00000000ebb00000,0x00000000ebd80000)
 ParOldGen       total 44032K, used 2908K [0x00000000c0000000, 0x00000000c2b00000, 0x00000000eab00000)
  object space 44032K, 6% used [0x00000000c0000000,0x00000000c02d7178,0x00000000c2b00000)
 Metaspace       used 5730K, capacity 6642K, committed 6784K, reserved 1056768K
  class space    used 597K, capacity 618K, committed 640K, reserved 1048576K
Event: 2.696 GC heap after
Heap after GC invocations=1 (full 0):
 PSYoungGen      total 18944K, used 2542K [0x00000000eab00000, 0x00000000ed000000, 0x0000000100000000)
  eden space 16384K, 0% used [0x00000000eab00000,0x00000000eab00000,0x00000000ebb00000)
  from space 2560K, 99% used [0x00000000ebb00000,0x00000000ebd7b978,0x00000000ebd80000)
  to   space 2560K, 0% used [0x00000000ecd80000,0x00000000ecd80000,0x00000000ed000000)
 ParOldGen       total 44032K, used 4726K [0x00000000c0000000, 0x00000000c2b00000, 0x00000000eab00000)
  object space 44032K, 10% used [0x00000000c0000000,0x00000000c049da78,0x00000000c2b00000)
 Metaspace       used 5730K, capacity 6642K, committed 6784K, reserved 1056768K
  class space    used 597K, capacity 618K, committed 640K, reserved 1048576K
}
Event: 3.122 GC heap before
{Heap before GC invocations=2 (full 0):
 PSYoungGen      total 18944K, used 18926K [0x00000000eab00000, 0x00000000ed000000, 0x0000000100000000)
  eden space 16384K, 100% used [0x00000000eab00000,0x00000000ebb00000,0x00000000ebb00000)
  from space 2560K, 99% used [0x00000000ebb00000,0x00000000ebd7b978,0x00000000ebd80000)
  to   space 2560K, 0% used [0x00000000ecd80000,0x00000000ecd80000,0x00000000ed000000)
 ParOldGen       total 44032K, used 4728K [0x00000000c0000000, 0x00000000c2b00000, 0x00000000eab00000)
  object space 44032K, 10% used [0x00000000c0000000,0x00000000c049e108,0x00000000c2b00000)
 Metaspace       used 6002K, capacity 6900K, committed 7040K, reserved 1056768K
  class space    used 601K, capacity 620K, committed 640K, reserved 1048576K
Event: 3.716 GC heap after
Heap after GC invocations=2 (full 0):
 PSYoungGen      total 35328K, used 2539K [0x00000000eab00000, 0x00000000ed000000, 0x0000000100000000)
  eden space 32768K, 0% used [0x00000000eab00000,0x00000000eab00000,0x00000000ecb00000)
  from space 2560K, 99% used [0x00000000ecd80000,0x00000000ecffad00,0x00000000ed000000)
  to   space 2560K, 0% used [0x00000000ecb00000,0x00000000ecb00000,0x00000000ecd80000)
 ParOldGen       total 44032K, used 7246K [0x00000000c0000000, 0x00000000c2b00000, 0x00000000eab00000)
  object space 44032K, 16% used [0x00000000c0000000,0x00000000c0713880,0x00000000c2b00000)
 Metaspace       used 6002K, capacity 6900K, committed 7040K, reserved 1056768K
  class space    used 601K, capacity 620K, committed 640K, reserved 1048576K
}

Deoptimization events (10 events):
Event: 2.890 Thread 0x0000000057561800 Uncommon trap: reason=unstable_if action=reinterpret pc=0x0000000002bbd1e0 method=java.util.BitSet.nextSetBit(I)I @ 87
Event: 2.892 Thread 0x0000000057561800 Uncommon trap: reason=null_check action=make_not_entrant pc=0x0000000002bf35d0 method=com.android.dx.ssa.SsaRenamer.getLocalForNewReg(I)Lcom/android/dx/rop/code/LocalItem; @ 19
Event: 2.895 Thread 0x0000000057561800 Uncommon trap: reason=null_check action=make_not_entrant pc=0x0000000002c41460 method=com.android.dx.ssa.SsaRenamer.getLocalForNewReg(I)Lcom/android/dx/rop/code/LocalItem; @ 19
Event: 3.028 Thread 0x00000000025ff000 Uncommon trap: reason=unstable_if action=reinterpret pc=0x0000000002c6681c method=com.android.dx.rop.code.RegisterSpecSet.put(Lcom/android/dx/rop/code/RegisterSpec;)V @ 77
Event: 3.028 Thread 0x00000000025ff000 Uncommon trap: reason=unstable_if action=reinterpret pc=0x0000000002d34e4c method=com.android.dx.rop.code.RegisterSpecSet.put(Lcom/android/dx/rop/code/RegisterSpec;)V @ 77
Event: 3.793 Thread 0x000000005755f000 Uncommon trap: reason=unstable_if action=reinterpret pc=0x0000000002d788ac method=com.android.dx.util.IntList.binarysearch(I)I @ 105
Event: 3.806 Thread 0x000000005755f000 Uncommon trap: reason=null_check action=make_not_entrant pc=0x0000000002c3b1d0 method=com.android.dx.rop.type.Type.equals(Ljava/lang/Object;)Z @ 8
Event: 3.809 Thread 0x000000005755f000 Uncommon trap: reason=bimorphic action=maybe_recompile pc=0x0000000002d3671c method=java.util.HashMap.getNode(ILjava/lang/Object;)Ljava/util/HashMap$Node; @ 126
Event: 5.146 Thread 0x000000005755f000 Uncommon trap: reason=bimorphic action=maybe_recompile pc=0x0000000002f2114c method=com.android.dx.cf.code.BytecodeArray.parseInstruction(ILcom/android/dx/cf/code/BytecodeArray$Visitor;)I @ 1161
Event: 5.146 Thread 0x000000005755f000 Uncommon trap: reason=bimorphic action=maybe_recompile pc=0x0000000002f2114c method=com.android.dx.cf.code.BytecodeArray.parseInstruction(ILcom/android/dx/cf/code/BytecodeArray$Visitor;)I @ 1161

Internal exceptions (5 events):
Event: 0.765 Thread 0x00000000025ff000 Exception <a 'java/lang/NoSuchMethodError': Method sun.misc.Unsafe.defineClass(Ljava/lang/String;[BII)Ljava/lang/Class; name or signature does not match> (0x00000000eab07cc0) thrown at [D:\re\workspace\8-2-build-windows-amd64-cygwin\jdk8u92\6642\hotspot\srï!¯Œ{è?
Event: 0.765 Thread 0x00000000025ff000 Exception <a 'java/lang/NoSuchMethodError': Method sun.misc.Unsafe.prefetchRead(Ljava/lang/Object;J)V name or signature does not match> (0x00000000eab07fa8) thrown at [D:\re\workspace\8-2-build-windows-amd64-cygwin\jdk8u92\6642\hotspot\src\share\vm\prims\jŠŒãªê"@
Event: 2.892 Thread 0x0000000057561800 Implicit null exception at 0x0000000002bf1d5d to 0x0000000002bf3585
Event: 2.895 Thread 0x0000000057561800 Implicit null exception at 0x0000000002c3fc5d to 0x0000000002c41441
Event: 3.806 Thread 0x000000005755f000 Implicit null exception at 0x0000000002c3b0d2 to 0x0000000002c3b1c2

Events (10 events):
Event: 3.986 loading class com/android/dx/rop/code/RegisterSpec$1
Event: 3.986 loading class com/android/dx/rop/code/RegisterSpec$1 done
Event: 4.967 Executing VM operation: EnableBiasedLocking
Event: 4.967 Executing VM operation: EnableBiasedLocking done
Event: 5.146 Thread 0x000000005755f000 Uncommon trap: trap_request=0xffffffc6 fr.pc=0x0000000002f2114c
Event: 5.146 Thread 0x000000005755f000 DEOPT PACKING pc=0x0000000002f2114c sp=0x00000000580beb30
Event: 5.146 Thread 0x000000005755f000 DEOPT UNPACKING pc=0x00000000029b582a sp=0x00000000580beb08 mode 2
Event: 5.146 Thread 0x000000005755f000 Uncommon trap: trap_request=0xffffffc6 fr.pc=0x0000000002f2114c
Event: 5.146 Thread 0x000000005755f000 DEOPT PACKING pc=0x0000000002f2114c sp=0x00000000580be910
Event: 5.146 Thread 0x000000005755f000 DEOPT UNPACKING pc=0x00000000029b582a sp=0x00000000580be8e8 mode 2


Dynamic libraries:
0x000000013f360000 - 0x000000013f397000 	C:\Program Files\Java\jdk1.8.0_92\bin\java.exe
0x0000000077ab0000 - 0x0000000077c5a000 	C:\windows\SYSTEM32\ntdll.dll
0x0000000077750000 - 0x000000007786f000 	C:\windows\system32\kernel32.dll
0x000007fefd8f0000 - 0x000007fefd95b000 	C:\windows\system32\KERNELBASE.dll
0x000007feff700000 - 0x000007feff7db000 	C:\windows\system32\ADVAPI32.dll
0x000007feff850000 - 0x000007feff8ef000 	C:\windows\system32\msvcrt.dll
0x000007feff970000 - 0x000007feff98f000 	C:\windows\SYSTEM32\sechost.dll
0x000007fefe050000 - 0x000007fefe17d000 	C:\windows\system32\RPCRT4.dll
0x0000000077870000 - 0x000000007796a000 	C:\windows\system32\USER32.dll
0x000007feff7e0000 - 0x000007feff847000 	C:\windows\system32\GDI32.dll
0x000007feffdb0000 - 0x000007feffdbe000 	C:\windows\system32\LPK.dll
0x000007fefe4c0000 - 0x000007fefe58a000 	C:\windows\system32\USP10.dll
0x000007fefc010000 - 0x000007fefc204000 	C:\windows\WinSxS\amd64_microsoft.windows.common-controls_6595b64144ccf1df_6.0.7601.18837_none_fa3b1e3d17594757\COMCTL32.dll
0x000007fefe180000 - 0x000007fefe1f1000 	C:\windows\system32\SHLWAPI.dll
0x000007feff990000 - 0x000007feff9be000 	C:\windows\system32\IMM32.DLL
0x000007fefdee0000 - 0x000007fefdfe9000 	C:\windows\system32\MSCTF.dll
0x000000006bab0000 - 0x000000006bb82000 	C:\Program Files\Java\jdk1.8.0_92\jre\bin\msvcr100.dll
0x000000006b100000 - 0x000000006b996000 	C:\Program Files\Java\jdk1.8.0_92\jre\bin\server\jvm.dll
0x000007fef81f0000 - 0x000007fef81f9000 	C:\windows\system32\WSOCK32.dll
0x000007fefde90000 - 0x000007fefdedd000 	C:\windows\system32\WS2_32.dll
0x000007fefe4b0000 - 0x000007fefe4b8000 	C:\windows\system32\NSI.dll
0x000007fefdba0000 - 0x000007fefdbdb000 	C:\windows\system32\WINMM.dll
0x000007fefc8e0000 - 0x000007fefc8ec000 	C:\windows\system32\VERSION.dll
0x0000000077c70000 - 0x0000000077c77000 	C:\windows\system32\PSAPI.DLL
0x0000000071e60000 - 0x0000000071e6f000 	C:\Program Files\Java\jdk1.8.0_92\jre\bin\verify.dll
0x000000006f450000 - 0x000000006f479000 	C:\Program Files\Java\jdk1.8.0_92\jre\bin\java.dll
0x000000006eff0000 - 0x000000006f006000 	C:\Program Files\Java\jdk1.8.0_92\jre\bin\zip.dll
0x000007fefe590000 - 0x000007feff319000 	C:\windows\system32\SHELL32.dll
0x000007fefe200000 - 0x000007fefe403000 	C:\windows\system32\ole32.dll
0x000007fefd780000 - 0x000007fefd78f000 	C:\windows\system32\profapi.dll

VM Arguments:
jvm_args: -Djava.awt.headless=true -Xmx1024M -Dfile.encoding=GBK -Duser.country=CN -Duser.language=zh -Duser.variant 
java_command: com.android.dx.command.Main --dex --force-jumbo --num-threads=4 --multi-dex --output C:\Users\Administrator\AndroidStudioProjects\MyApplication2\app_new\build\intermediates\transforms\dex\debug\folders\1000\10\glide-3.7.0_1f3ddf859a86296da03fddcf50d19f29d652df81 C:\Users\Administrator\.gradle\caches\modules-2\files-2.1\com.github.bumptech.glide\glide\3.7.0\9e9eeaf9948ee4d6c3ab354e8dc14368f16994a4\glide-3.7.0.jar
java_class_path (initial): D:\Androidss\sdk\sdk\build-tools\24.0.1\lib\dx.jar
Launcher Type: SUN_STANDARD

Environment Variables:
JAVA_HOME=C:\Program Files\Java\jdk1.8.0_92
PATH=C:\Program Files\Java\jdk1.8.0_92\bin;C:\windows\system32;C:\windows;C:\windows\System32\Wbem;C:\windows\System32\WindowsPowerShell\v1.0\;C:\Program Files (x86)\Intel\OpenCL SDK\2.0\bin\x86;C:\Program Files (x86)\Intel\OpenCL SDK\2.0\bin\x64;
USERNAME=Administrator
OS=Windows_NT
PROCESSOR_IDENTIFIER=Intel64 Family 6 Model 42 Stepping 7, GenuineIntel



---------------  S Y S T E M  ---------------

OS: Windows 7 , 64 bit Build 7601 (6.1.7601.19135)

CPU:total 4 (4 cores per cpu, 1 threads per core) family 6 model 42 stepping 7, cmov, cx8, fxsr, mmx, sse, sse2, sse3, ssse3, sse4.1, sse4.2, popcnt, avx, clmul, tsc, tscinvbit

Memory: 4k page, physical 4133888k(803512k free), swap 5180628k(5120k free)

vm_info: Java HotSpot(TM) 64-Bit Server VM (25.92-b14) for windows-amd64 JRE (1.8.0_92-b14), built on Mar 31 2016 21:03:04 by "java_re" with MS VC++ 10.0 (VS2010)

time: Fri Sep 30 11:45:29 2016
elapsed time: 5 seconds (0d 0h 0m 5s)

