#
# There is insufficient memory for the Java Runtime Environment to continue.
# Native memory allocation (malloc) failed to allocate 734656 bytes for Chunk::new
# Possible reasons:
#   The system is out of physical RAM or swap space
#   In 32 bit mode, the process size limit was hit
# Possible solutions:
#   Reduce memory load on the system
#   Increase physical memory or swap space
#   Check if swap backing store is full
#   Use 64 bit Java on a 64 bit OS
#   Decrease Java heap size (-Xmx/-Xms)
#   Decrease number of Java threads
#   Decrease Java thread stack sizes (-Xss)
#   Set larger code cache with -XX:ReservedCodeCacheSize=
# This output file may be truncated or incomplete.
#
#  Out of Memory Error (allocation.cpp:390), pid=7492, tid=0x000000000000358c
#
# JRE version: Java(TM) SE Runtime Environment (8.0_92-b14) (build 1.8.0_92-b14)
# Java VM: Java HotSpot(TM) 64-Bit Server VM (25.92-b14 mixed mode windows-amd64 compressed oops)
# Failed to write core dump. Minidumps are not enabled by default on client versions of Windows
#

---------------  T H R E A D  ---------------

Current thread (0x00000000564d4000):  JavaThread "C2 CompilerThread1" daemon [_thread_in_native, id=13708, stack(0x0000000056de0000,0x0000000056ee0000)]

Stack: [0x0000000056de0000,0x0000000056ee0000]
[error occurred during error reporting (printing stack bounds), id 0xc0000005]

Native frames: (J=compiled Java code, j=interpreted, Vv=VM code, C=native code)


Current CompileTask:
C2:   8159 1630   !   4       com.android.dx.cf.code.Ropper::processBlock (1101 bytes)


---------------  P R O C E S S  ---------------

Java Threads: ( => current thread )
  0x00000000567aa000 JavaThread "pool-2-thread-4" [_thread_blocked, id=10064, stack(0x0000000057960000,0x0000000057a60000)]
  0x00000000567a9800 JavaThread "pool-2-thread-3" [_thread_blocked, id=14084, stack(0x00000000576d0000,0x00000000577d0000)]
  0x00000000567a8000 JavaThread "pool-2-thread-2" [_thread_blocked, id=8828, stack(0x0000000057580000,0x0000000057680000)]
  0x000000005677d000 JavaThread "pool-3-thread-1" [_thread_blocked, id=12692, stack(0x0000000057470000,0x0000000057570000)]
  0x000000005677c800 JavaThread "pool-2-thread-1" [_thread_blocked, id=4920, stack(0x00000000572f0000,0x00000000573f0000)]
  0x0000000056552800 JavaThread "Service Thread" daemon [_thread_blocked, id=14164, stack(0x0000000056a20000,0x0000000056b20000)]
  0x00000000564d5000 JavaThread "C1 CompilerThread2" daemon [_thread_blocked, id=13924, stack(0x0000000056f80000,0x0000000057080000)]
=>0x00000000564d4000 JavaThread "C2 CompilerThread1" daemon [_thread_in_native, id=13708, stack(0x0000000056de0000,0x0000000056ee0000)]
  0x00000000551ab800 JavaThread "C2 CompilerThread0" daemon [_thread_blocked, id=13720, stack(0x0000000056cb0000,0x0000000056db0000)]
  0x00000000564cb000 JavaThread "Attach Listener" daemon [_thread_blocked, id=10040, stack(0x0000000056b80000,0x0000000056c80000)]
  0x00000000564ca800 JavaThread "Signal Dispatcher" daemon [_thread_blocked, id=7092, stack(0x0000000056900000,0x0000000056a00000)]
  0x0000000055189000 JavaThread "Finalizer" daemon [_thread_blocked, id=13848, stack(0x0000000056260000,0x0000000056360000)]
  0x0000000055142000 JavaThread "Reference Handler" daemon [_thread_blocked, id=10352, stack(0x00000000563c0000,0x00000000564c0000)]
  0x000000000018f000 JavaThread "main" [_thread_in_native, id=13588, stack(0x00000000028d0000,0x00000000029d0000)]

Other Threads:
  0x000000005513a800 VMThread [stack: 0x0000000056150000,0x0000000056250000] [id=2004]
  0x0000000056593000 WatcherThread [stack: 0x00000000571c0000,0x00000000572c0000] [id=7016]

VM state:not at safepoint (normal execution)

VM Mutex/Monitor currently owned by a thread: None

Heap:
 PSYoungGen      total 68096K, used 10248K [0x00000000eab00000, 0x00000000ef000000, 0x0000000100000000)
  eden space 65536K, 11% used [0x00000000eab00000,0x00000000eb2896b0,0x00000000eeb00000)
  from space 2560K, 98% used [0x00000000eed80000,0x00000000eeff8c58,0x00000000ef000000)
  to   space 2560K, 0% used [0x00000000eeb00000,0x00000000eeb00000,0x00000000eed80000)
 ParOldGen       total 44032K, used 11769K [0x00000000c0000000, 0x00000000c2b00000, 0x00000000eab00000)
  object space 44032K, 26% used [0x00000000c0000000,0x00000000c0b7e628,0x00000000c2b00000)
 Metaspace       used 6239K, capacity 7092K, committed 7296K, reserved 1056768K
  class space    used 605K, capacity 620K, committed 640K, reserved 1048576K

Card table byte_map: [0x0000000011d90000,0x0000000011fa0000] byte_map_base: 0x0000000011790000

Marking Bits: (ParMarkBitMap*) 0x000000006b9164f0
 Begin Bits: [0x00000000125b0000, 0x00000000135b0000)
 End Bits:   [0x00000000135b0000, 0x00000000145b0000)

Polling page: 0x0000000000170000

CodeCache: size=245760Kb used=7721Kb max_used=7733Kb free=238038Kb
 bounds [0x00000000029d0000, 0x0000000003170000, 0x00000000119d0000]
 total_blobs=1926 nmethods=1657 adapters=182
 compilation: enabled

Compilation events (10 events):
Event: 7.846 Thread 0x00000000564d4000 1630   !   4       com.android.dx.cf.code.Ropper::processBlock (1101 bytes)
Event: 7.868 Thread 0x00000000551ab800 nmethod 1627% 0x0000000003158dd0 code [0x0000000003159060, 0x000000000315a670]
Event: 7.868 Thread 0x00000000551ab800 1622       4       com.android.dx.ssa.SCCP::addUsersToWorklist (103 bytes)
Event: 7.925 Thread 0x00000000551ab800 nmethod 1622 0x0000000003161510 code [0x0000000003161860, 0x0000000003163af8]
Event: 7.925 Thread 0x00000000551ab800 1623       4       com.android.dx.ssa.SCCP::simulatePhi (169 bytes)
Event: 7.941 Thread 0x00000000551ab800 nmethod 1623 0x000000000315f610 code [0x000000000315f800, 0x0000000003160588]
Event: 7.941 Thread 0x00000000551ab800 1644       4       com.android.dx.util.BitIntSet::add (15 bytes)
Event: 7.944 Thread 0x00000000551ab800 nmethod 1644 0x000000000315dc10 code [0x000000000315dd60, 0x000000000315df78]
Event: 8.017 Thread 0x00000000551ab800 1664       4       com.android.dx.ssa.back.FirstFitLocalCombiningAllocator::getAlignment (32 bytes)
Event: 8.018 Thread 0x00000000551ab800 nmethod 1664 0x0000000003157390 code [0x00000000031574e0, 0x0000000003157588]

GC Heap History (8 events):
Event: 0.268 GC heap before
{Heap before GC invocations=1 (full 0):
 PSYoungGen      total 18944K, used 16384K [0x00000000eab00000, 0x00000000ec000000, 0x0000000100000000)
  eden space 16384K, 100% used [0x00000000eab00000,0x00000000ebb00000,0x00000000ebb00000)
  from space 2560K, 0% used [0x00000000ebd80000,0x00000000ebd80000,0x00000000ec000000)
  to   space 2560K, 0% used [0x00000000ebb00000,0x00000000ebb00000,0x00000000ebd80000)
 ParOldGen       total 44032K, used 0K [0x00000000c0000000, 0x00000000c2b00000, 0x00000000eab00000)
  object space 44032K, 0% used [0x00000000c0000000,0x00000000c0000000,0x00000000c2b00000)
 Metaspace       used 3459K, capacity 4720K, committed 4864K, reserved 1056768K
  class space    used 375K, capacity 424K, committed 512K, reserved 1048576K
Event: 0.332 GC heap after
Heap after GC invocations=1 (full 0):
 PSYoungGen      total 18944K, used 1132K [0x00000000eab00000, 0x00000000ed000000, 0x0000000100000000)
  eden space 16384K, 0% used [0x00000000eab00000,0x00000000eab00000,0x00000000ebb00000)
  from space 2560K, 44% used [0x00000000ebb00000,0x00000000ebc1b240,0x00000000ebd80000)
  to   space 2560K, 0% used [0x00000000ecd80000,0x00000000ecd80000,0x00000000ed000000)
 ParOldGen       total 44032K, used 0K [0x00000000c0000000, 0x00000000c2b00000, 0x00000000eab00000)
  object space 44032K, 0% used [0x00000000c0000000,0x00000000c0000000,0x00000000c2b00000)
 Metaspace       used 3459K, capacity 4720K, committed 4864K, reserved 1056768K
  class space    used 375K, capacity 424K, committed 512K, reserved 1048576K
}
Event: 2.479 GC heap before
{Heap before GC invocations=2 (full 0):
 PSYoungGen      total 18944K, used 17516K [0x00000000eab00000, 0x00000000ed000000, 0x0000000100000000)
  eden space 16384K, 100% used [0x00000000eab00000,0x00000000ebb00000,0x00000000ebb00000)
  from space 2560K, 44% used [0x00000000ebb00000,0x00000000ebc1b240,0x00000000ebd80000)
  to   space 2560K, 0% used [0x00000000ecd80000,0x00000000ecd80000,0x00000000ed000000)
 ParOldGen       total 44032K, used 0K [0x00000000c0000000, 0x00000000c2b00000, 0x00000000eab00000)
  object space 44032K, 0% used [0x00000000c0000000,0x00000000c0000000,0x00000000c2b00000)
 Metaspace       used 6000K, capacity 6898K, committed 7040K, reserved 1056768K
  class space    used 603K, capacity 618K, committed 640K, reserved 1048576K
Event: 2.782 GC heap after
Heap after GC invocations=2 (full 0):
 PSYoungGen      total 35328K, used 2530K [0x00000000eab00000, 0x00000000ed000000, 0x0000000100000000)
  eden space 32768K, 0% used [0x00000000eab00000,0x00000000eab00000,0x00000000ecb00000)
  from space 2560K, 98% used [0x00000000ecd80000,0x00000000ecff8a50,0x00000000ed000000)
  to   space 2560K, 0% used [0x00000000ecb00000,0x00000000ecb00000,0x00000000ecd80000)
 ParOldGen       total 44032K, used 2523K [0x00000000c0000000, 0x00000000c2b00000, 0x00000000eab00000)
  object space 44032K, 5% used [0x00000000c0000000,0x00000000c0276ec8,0x00000000c2b00000)
 Metaspace       used 6000K, capacity 6898K, committed 7040K, reserved 1056768K
  class space    used 603K, capacity 618K, committed 640K, reserved 1048576K
}
Event: 5.236 GC heap before
{Heap before GC invocations=3 (full 0):
 PSYoungGen      total 35328K, used 35298K [0x00000000eab00000, 0x00000000ed000000, 0x0000000100000000)
  eden space 32768K, 100% used [0x00000000eab00000,0x00000000ecb00000,0x00000000ecb00000)
  from space 2560K, 98% used [0x00000000ecd80000,0x00000000ecff8a50,0x00000000ed000000)
  to   space 2560K, 0% used [0x00000000ecb00000,0x00000000ecb00000,0x00000000ecd80000)
 ParOldGen       total 44032K, used 2523K [0x00000000c0000000, 0x00000000c2b00000, 0x00000000eab00000)
  object space 44032K, 5% used [0x00000000c0000000,0x00000000c0276ec8,0x00000000c2b00000)
 Metaspace       used 6193K, capacity 7028K, committed 7296K, reserved 1056768K
  class space    used 605K, capacity 620K, committed 640K, reserved 1048576K
Event: 5.493 GC heap after
Heap after GC invocations=3 (full 0):
 PSYoungGen      total 35328K, used 2531K [0x00000000eab00000, 0x00000000ef000000, 0x0000000100000000)
  eden space 32768K, 0% used [0x00000000eab00000,0x00000000eab00000,0x00000000ecb00000)
  from space 2560K, 98% used [0x00000000ecb00000,0x00000000ecd78c58,0x00000000ecd80000)
  to   space 2560K, 0% used [0x00000000eed80000,0x00000000eed80000,0x00000000ef000000)
 ParOldGen       total 44032K, used 7294K [0x00000000c0000000, 0x00000000c2b00000, 0x00000000eab00000)
  object space 44032K, 16% used [0x00000000c0000000,0x00000000c071f910,0x00000000c2b00000)
 Metaspace       used 6193K, capacity 7028K, committed 7296K, reserved 1056768K
  class space    used 605K, capacity 620K, committed 640K, reserved 1048576K
}
Event: 7.518 GC heap before
{Heap before GC invocations=4 (full 0):
 PSYoungGen      total 35328K, used 35299K [0x00000000eab00000, 0x00000000ef000000, 0x0000000100000000)
  eden space 32768K, 100% used [0x00000000eab00000,0x00000000ecb00000,0x00000000ecb00000)
  from space 2560K, 98% used [0x00000000ecb00000,0x00000000ecd78c58,0x00000000ecd80000)
  to   space 2560K, 0% used [0x00000000eed80000,0x00000000eed80000,0x00000000ef000000)
 ParOldGen       total 44032K, used 7294K [0x00000000c0000000, 0x00000000c2b00000, 0x00000000eab00000)
  object space 44032K, 16% used [0x00000000c0000000,0x00000000c071f910,0x00000000c2b00000)
 Metaspace       used 6234K, capacity 7092K, committed 7296K, reserved 1056768K
  class space    used 605K, capacity 620K, committed 640K, reserved 1048576K
Event: 7.643 GC heap after
Heap after GC invocations=4 (full 0):
 PSYoungGen      total 68096K, used 2531K [0x00000000eab00000, 0x00000000ef000000, 0x0000000100000000)
  eden space 65536K, 0% used [0x00000000eab00000,0x00000000eab00000,0x00000000eeb00000)
  from space 2560K, 98% used [0x00000000eed80000,0x00000000eeff8c58,0x00000000ef000000)
  to   space 2560K, 0% used [0x00000000eeb00000,0x00000000eeb00000,0x00000000eed80000)
 ParOldGen       total 44032K, used 11769K [0x00000000c0000000, 0x00000000c2b00000, 0x00000000eab00000)
  object space 44032K, 26% used [0x00000000c0000000,0x00000000c0b7e628,0x00000000c2b00000)
 Metaspace       used 6234K, capacity 7092K, committed 7296K, reserved 1056768K
  class space    used 605K, capacity 620K, committed 640K, reserved 1048576K
}

Deoptimization events (10 events):
Event: 7.274 Thread 0x00000000567a9800 Uncommon trap: reason=unstable_if action=reinterpret pc=0x0000000002f79b90 method=com.android.dx.ssa.InterferenceRegisterMapper.interferes(III)Z @ 35
Event: 7.345 Thread 0x00000000567a9800 Uncommon trap: reason=bimorphic action=maybe_recompile pc=0x0000000002fd10f8 method=com.android.dx.ssa.LiteralOpUpgrader.tryReplacingWithConstant(Lcom/android/dx/ssa/NormalSsaInsn;)Z @ 52
Event: 7.433 Thread 0x00000000567a9800 Uncommon trap: reason=unstable_if action=reinterpret pc=0x0000000002fc4a68 method=com.android.dx.ssa.SsaRenamer$BlockRenamer.visitMoveInsn(Lcom/android/dx/ssa/NormalSsaInsn;)V @ 104
Event: 7.494 Thread 0x00000000567a9800 Uncommon trap: reason=unstable_if action=reinterpret pc=0x0000000002ed19ac method=com.android.dx.util.IntList.binarysearch(I)I @ 105
Event: 7.495 Thread 0x00000000567a9800 Uncommon trap: reason=unstable_if action=reinterpret pc=0x00000000030794cc method=com.android.dx.ssa.SsaBasicBlock.newFromRop(Lcom/android/dx/rop/code/RopMethod;ILcom/android/dx/ssa/SsaMethod;)Lcom/android/dx/ssa/SsaBasicBlock; @ 164
Event: 7.495 Thread 0x00000000567a9800 Uncommon trap: reason=unstable_if action=reinterpret pc=0x00000000030ad4e0 method=com.android.dx.ssa.SsaMethod.blockIndexToRopLabel(I)I @ 1
Event: 7.506 Thread 0x00000000567a9800 Uncommon trap: reason=unstable_if action=reinterpret pc=0x00000000031263b0 method=com.android.dx.rop.code.RegisterSpec.equals(ILcom/android/dx/rop/type/TypeBearer;Lcom/android/dx/rop/code/LocalItem;)Z @ 42
Event: 7.509 Thread 0x00000000567a9800 Uncommon trap: reason=unstable_if action=reinterpret pc=0x0000000002ff0dcc method=com.android.dx.rop.code.RegisterSpec.equals(ILcom/android/dx/rop/type/TypeBearer;Lcom/android/dx/rop/code/LocalItem;)Z @ 42
Event: 7.514 Thread 0x00000000567a9800 Uncommon trap: reason=bimorphic action=maybe_recompile pc=0x00000000030959a8 method=com.android.dx.cf.code.BytecodeArray.parseInstruction(ILcom/android/dx/cf/code/BytecodeArray$Visitor;)I @ 1501
Event: 7.515 Thread 0x00000000567a9800 Uncommon trap: reason=bimorphic action=maybe_recompile pc=0x00000000030959a8 method=com.android.dx.cf.code.BytecodeArray.parseInstruction(ILcom/android/dx/cf/code/BytecodeArray$Visitor;)I @ 1501

Internal exceptions (2 events):
Event: 0.039 Thread 0x000000000018f000 Exception <a 'java/lang/NoSuchMethodError': Method sun.misc.Unsafe.defineClass(Ljava/lang/String;[BII)Ljava/lang/Class; name or signature does not match> (0x00000000eab07cc0) thrown at [D:\re\workspace\8-2-build-windows-amd64-cygwin\jdk8u92\6642\hotspot\sr¯jµxî£?
Event: 0.039 Thread 0x000000000018f000 Exception <a 'java/lang/NoSuchMethodError': Method sun.misc.Unsafe.prefetchRead(Ljava/lang/Object;J)V name or signature does not match> (0x00000000eab07fa8) thrown at [D:\re\workspace\8-2-build-windows-amd64-cygwin\jdk8u92\6642\hotspot\src\share\vm\prims\j

Events (10 events):
Event: 7.509 Thread 0x00000000567a9800 DEOPT PACKING pc=0x0000000002ff0dcc sp=0x00000000577ce920
Event: 7.509 Thread 0x00000000567a9800 DEOPT UNPACKING pc=0x0000000002a1582a sp=0x00000000577ce8a8 mode 2
Event: 7.514 Thread 0x00000000567a9800 Uncommon trap: trap_request=0xffffffc6 fr.pc=0x00000000030959a8
Event: 7.514 Thread 0x00000000567a9800 DEOPT PACKING pc=0x00000000030959a8 sp=0x00000000577ce830
Event: 7.514 Thread 0x00000000567a9800 DEOPT UNPACKING pc=0x0000000002a1582a sp=0x00000000577ce7b0 mode 2
Event: 7.515 Thread 0x00000000567a9800 Uncommon trap: trap_request=0xffffffc6 fr.pc=0x00000000030959a8
Event: 7.515 Thread 0x00000000567a9800 DEOPT PACKING pc=0x00000000030959a8 sp=0x00000000577ce680
Event: 7.515 Thread 0x00000000567a9800 DEOPT UNPACKING pc=0x0000000002a1582a sp=0x00000000577ce600 mode 2
Event: 7.518 Executing VM operation: ParallelGCFailedAllocation
Event: 7.643 Executing VM operation: ParallelGCFailedAllocation done


Dynamic libraries:
0x000000013f360000 - 0x000000013f397000 	C:\Program Files\Java\jdk1.8.0_92\bin\java.exe
0x0000000077ab0000 - 0x0000000077c5a000 	C:\windows\SYSTEM32\ntdll.dll
0x0000000077750000 - 0x000000007786f000 	C:\windows\system32\kernel32.dll
0x000007fefd8f0000 - 0x000007fefd95b000 	C:\windows\system32\KERNELBASE.dll
0x000007feff700000 - 0x000007feff7db000 	C:\windows\system32\ADVAPI32.dll
0x000007feff850000 - 0x000007feff8ef000 	C:\windows\system32\msvcrt.dll
0x000007feff970000 - 0x000007feff98f000 	C:\windows\SYSTEM32\sechost.dll
0x000007fefe050000 - 0x000007fefe17d000 	C:\windows\system32\RPCRT4.dll
0x0000000077870000 - 0x000000007796a000 	C:\windows\system32\USER32.dll
0x000007feff7e0000 - 0x000007feff847000 	C:\windows\system32\GDI32.dll
0x000007feffdb0000 - 0x000007feffdbe000 	C:\windows\system32\LPK.dll
0x000007fefe4c0000 - 0x000007fefe58a000 	C:\windows\system32\USP10.dll
0x000007fefc010000 - 0x000007fefc204000 	C:\windows\WinSxS\amd64_microsoft.windows.common-controls_6595b64144ccf1df_6.0.7601.18837_none_fa3b1e3d17594757\COMCTL32.dll
0x000007fefe180000 - 0x000007fefe1f1000 	C:\windows\system32\SHLWAPI.dll
0x000007feff990000 - 0x000007feff9be000 	C:\windows\system32\IMM32.DLL
0x000007fefdee0000 - 0x000007fefdfe9000 	C:\windows\system32\MSCTF.dll
0x000000006bab0000 - 0x000000006bb82000 	C:\Program Files\Java\jdk1.8.0_92\jre\bin\msvcr100.dll
0x000000006b100000 - 0x000000006b996000 	C:\Program Files\Java\jdk1.8.0_92\jre\bin\server\jvm.dll
0x000007fef81f0000 - 0x000007fef81f9000 	C:\windows\system32\WSOCK32.dll
0x000007fefde90000 - 0x000007fefdedd000 	C:\windows\system32\WS2_32.dll
0x000007fefe4b0000 - 0x000007fefe4b8000 	C:\windows\system32\NSI.dll
0x000007fefdba0000 - 0x000007fefdbdb000 	C:\windows\system32\WINMM.dll
0x000007fefc8e0000 - 0x000007fefc8ec000 	C:\windows\system32\VERSION.dll
0x0000000077c70000 - 0x0000000077c77000 	C:\windows\system32\PSAPI.DLL
0x0000000071e60000 - 0x0000000071e6f000 	C:\Program Files\Java\jdk1.8.0_92\jre\bin\verify.dll
0x000000006f450000 - 0x000000006f479000 	C:\Program Files\Java\jdk1.8.0_92\jre\bin\java.dll
0x000000006eff0000 - 0x000000006f006000 	C:\Program Files\Java\jdk1.8.0_92\jre\bin\zip.dll
0x000007fefe590000 - 0x000007feff319000 	C:\windows\system32\SHELL32.dll
0x000007fefe200000 - 0x000007fefe403000 	C:\windows\system32\ole32.dll
0x000007fefd780000 - 0x000007fefd78f000 	C:\windows\system32\profapi.dll

VM Arguments:
jvm_args: -Djava.awt.headless=true -Xmx1024M -Dfile.encoding=GBK -Duser.country=CN -Duser.language=zh -Duser.variant 
java_command: com.android.dx.command.Main --dex --force-jumbo --num-threads=4 --multi-dex --output C:\Users\Administrator\AndroidStudioProjects\MyApplication2\app_new\build\intermediates\transforms\dex\debug\folders\1000\10\com.android.support-support-v4-24.1.1_57ba9c10bfbe1be58d0d9a1757df0ad2e3521b54 C:\Users\Administrator\AndroidStudioProjects\MyApplication2\app_new\build\intermediates\exploded-aar\com.android.support\support-v4\24.1.1\jars\classes.jar
java_class_path (initial): D:\Androidss\sdk\sdk\build-tools\24.0.1\lib\dx.jar
Launcher Type: SUN_STANDARD

Environment Variables:
JAVA_HOME=C:\Program Files\Java\jdk1.8.0_92
PATH=C:\Program Files\Java\jdk1.8.0_92\bin;C:\windows\system32;C:\windows;C:\windows\System32\Wbem;C:\windows\System32\WindowsPowerShell\v1.0\;C:\Program Files (x86)\Intel\OpenCL SDK\2.0\bin\x86;C:\Program Files (x86)\Intel\OpenCL SDK\2.0\bin\x64;
USERNAME=Administrator
OS=Windows_NT
PROCESSOR_IDENTIFIER=Intel64 Family 6 Model 42 Stepping 7, GenuineIntel



---------------  S Y S T E M  ---------------

OS: Windows 7 , 64 bit Build 7601 (6.1.7601.19135)

CPU:total 4 (4 cores per cpu, 1 threads per core) family 6 model 42 stepping 7, cmov, cx8, fxsr, mmx, sse, sse2, sse3, ssse3, sse4.1, sse4.2, popcnt, avx, clmul, tsc, tscinvbit

Memory: 4k page, physical 4133888k(803528k free), swap 5180628k(5072k free)

vm_info: Java HotSpot(TM) 64-Bit Server VM (25.92-b14) for windows-amd64 JRE (1.8.0_92-b14), built on Mar 31 2016 21:03:04 by "java_re" with MS VC++ 10.0 (VS2010)

time: Fri Sep 30 11:45:29 2016
elapsed time: 8 seconds (0d 0h 0m 8s)

