#
# There is insufficient memory for the Java Runtime Environment to continue.
# Native memory allocation (malloc) failed to allocate 32784 bytes for Chunk::new
# Possible reasons:
#   The system is out of physical RAM or swap space
#   In 32 bit mode, the process size limit was hit
# Possible solutions:
#   Reduce memory load on the system
#   Increase physical memory or swap space
#   Check if swap backing store is full
#   Use 64 bit Java on a 64 bit OS
#   Decrease Java heap size (-Xmx/-Xms)
#   Decrease number of Java threads
#   Decrease Java thread stack sizes (-Xss)
#   Set larger code cache with -XX:ReservedCodeCacheSize=
# This output file may be truncated or incomplete.
#
#  Out of Memory Error (allocation.cpp:390), pid=9752, tid=0x0000000000002bf4
#
# JRE version: Java(TM) SE Runtime Environment (8.0_92-b14) (build 1.8.0_92-b14)
# Java VM: Java HotSpot(TM) 64-Bit Server VM (25.92-b14 mixed mode windows-amd64 compressed oops)
# Failed to write core dump. Minidumps are not enabled by default on client versions of Windows
#

---------------  T H R E A D  ---------------

Current thread (0x00000000563d5000):  JavaThread "C1 CompilerThread2" daemon [_thread_in_native, id=11252, stack(0x0000000056b80000,0x0000000056c80000)]

Stack: [0x0000000056b80000,0x0000000056c80000]
[error occurred during error reporting (printing stack bounds), id 0xc0000005]

Native frames: (J=compiled Java code, j=interpreted, Vv=VM code, C=native code)


Current CompileTask:
C1:   4988  717   !   3       com.android.dx.cf.code.RopperMachine::run (1550 bytes)


---------------  P R O C E S S  ---------------

Java Threads: ( => current thread )
  0x0000000056669000 JavaThread "pool-1-thread-4" [_thread_in_Java, id=13660, stack(0x00000000578a0000,0x00000000579a0000)]
  0x0000000056668000 JavaThread "pool-1-thread-3" [_thread_in_Java, id=13672, stack(0x00000000576b0000,0x00000000577b0000)]
  0x00000000565cb800 JavaThread "pool-1-thread-2" [_thread_blocked, id=13544, stack(0x00000000574f0000,0x00000000575f0000)]
  0x00000000565cb000 JavaThread "pool-2-thread-1" [_thread_blocked, id=12856, stack(0x00000000573a0000,0x00000000574a0000)]
  0x00000000565ca000 JavaThread "pool-1-thread-1" [_thread_blocked, id=12300, stack(0x00000000571b0000,0x00000000572b0000)]
  0x00000000563e1000 JavaThread "Service Thread" daemon [_thread_blocked, id=14060, stack(0x0000000056fc0000,0x00000000570c0000)]
=>0x00000000563d5000 JavaThread "C1 CompilerThread2" daemon [_thread_in_native, id=11252, stack(0x0000000056b80000,0x0000000056c80000)]
  0x00000000563d4000 JavaThread "C2 CompilerThread1" daemon [_thread_in_native, id=13768, stack(0x0000000056d10000,0x0000000056e10000)]
  0x000000005518b800 JavaThread "C2 CompilerThread0" daemon [_thread_in_native, id=12656, stack(0x0000000056810000,0x0000000056910000)]
  0x0000000055188000 JavaThread "Attach Listener" daemon [_thread_blocked, id=14064, stack(0x0000000056a50000,0x0000000056b50000)]
  0x00000000563cb800 JavaThread "Signal Dispatcher" daemon [_thread_blocked, id=13280, stack(0x0000000056910000,0x0000000056a10000)]
  0x0000000055169000 JavaThread "Finalizer" daemon [_thread_blocked, id=12892, stack(0x00000000562c0000,0x00000000563c0000)]
  0x0000000055122000 JavaThread "Reference Handler" daemon [_thread_blocked, id=912, stack(0x0000000055f70000,0x0000000056070000)]
  0x00000000004cf000 JavaThread "main" [_thread_in_native, id=14056, stack(0x0000000002710000,0x0000000002810000)]

Other Threads:
  0x000000005511a000 VMThread [stack: 0x0000000056130000,0x0000000056230000] [id=14084]
  0x0000000056498000 WatcherThread [stack: 0x0000000056e50000,0x0000000056f50000] [id=14136]

VM state:not at safepoint (normal execution)

VM Mutex/Monitor currently owned by a thread: None

Heap:
 PSYoungGen      total 18944K, used 6088K [0x00000000eab00000, 0x00000000ed000000, 0x0000000100000000)
  eden space 16384K, 21% used [0x00000000eab00000,0x00000000eae774d8,0x00000000ebb00000)
  from space 2560K, 99% used [0x00000000ebb00000,0x00000000ebd7ab30,0x00000000ebd80000)
  to   space 2560K, 0% used [0x00000000ecd80000,0x00000000ecd80000,0x00000000ed000000)
 ParOldGen       total 44032K, used 7738K [0x00000000c0000000, 0x00000000c2b00000, 0x00000000eab00000)
  object space 44032K, 17% used [0x00000000c0000000,0x00000000c078eb70,0x00000000c2b00000)
 Metaspace       used 5711K, capacity 6768K, committed 7040K, reserved 1056768K
  class space    used 591K, capacity 616K, committed 640K, reserved 1048576K

Card table byte_map: [0x0000000011bd0000,0x0000000011de0000] byte_map_base: 0x00000000115d0000

Marking Bits: (ParMarkBitMap*) 0x000000006c1564f0
 Begin Bits: [0x0000000012590000, 0x0000000013590000)
 End Bits:   [0x0000000013590000, 0x0000000014590000)

Polling page: 0x0000000000470000

CodeCache: size=245760Kb used=2861Kb max_used=2873Kb free=242898Kb
 bounds [0x0000000002810000, 0x0000000002af0000, 0x0000000011810000]
 total_blobs=994 nmethods=730 adapters=177
 compilation: enabled

Compilation events (10 events):
Event: 3.971 Thread 0x000000005518b800 nmethod 745 0x0000000002ada310 code [0x0000000002ada440, 0x0000000002ada4b8]
Event: 4.050 Thread 0x000000005518b800  747       4       java.lang.String::<init> (82 bytes)
Event: 4.053 Thread 0x000000005518b800 nmethod 747 0x0000000002adcad0 code [0x0000000002adcc20, 0x0000000002adce98]
Event: 4.056 Thread 0x000000005518b800  748       4       com.android.dx.ssa.NormalSsaInsn::isNormalMoveInsn (20 bytes)
Event: 4.056 Thread 0x000000005518b800 nmethod 748 0x0000000002adc850 code [0x0000000002adc980, 0x0000000002adc9f8]
Event: 4.056 Thread 0x000000005518b800  749       4       java.util.ArrayList::isEmpty (13 bytes)
Event: 4.057 Thread 0x000000005518b800 nmethod 749 0x0000000002add090 code [0x0000000002add1c0, 0x0000000002add218]
Event: 4.057 Thread 0x000000005518b800  750       4       java.util.HashMap::containsKey (18 bytes)
Event: 4.063 Thread 0x000000005518b800 nmethod 750 0x0000000002adbc50 code [0x0000000002adbde0, 0x0000000002adc2e8]
Event: 4.063 Thread 0x000000005518b800  751       4       java.util.HashSet::contains (9 bytes)

GC Heap History (2 events):
Event: 4.136 GC heap before
{Heap before GC invocations=1 (full 0):
 PSYoungGen      total 18944K, used 16384K [0x00000000eab00000, 0x00000000ec000000, 0x0000000100000000)
  eden space 16384K, 100% used [0x00000000eab00000,0x00000000ebb00000,0x00000000ebb00000)
  from space 2560K, 0% used [0x00000000ebd80000,0x00000000ebd80000,0x00000000ec000000)
  to   space 2560K, 0% used [0x00000000ebb00000,0x00000000ebb00000,0x00000000ebd80000)
 ParOldGen       total 44032K, used 0K [0x00000000c0000000, 0x00000000c2b00000, 0x00000000eab00000)
  object space 44032K, 0% used [0x00000000c0000000,0x00000000c0000000,0x00000000c2b00000)
 Metaspace       used 5553K, capacity 6704K, committed 6784K, reserved 1056768K
  class space    used 579K, capacity 616K, committed 640K, reserved 1048576K
Event: 4.155 GC heap after
Heap after GC invocations=1 (full 0):
 PSYoungGen      total 18944K, used 2558K [0x00000000eab00000, 0x00000000ec000000, 0x0000000100000000)
  eden space 16384K, 0% used [0x00000000eab00000,0x00000000eab00000,0x00000000ebb00000)
  from space 2560K, 99% used [0x00000000ebb00000,0x00000000ebd7fab8,0x00000000ebd80000)
  to   space 2560K, 0% used [0x00000000ebd80000,0x00000000ebd80000,0x00000000ec000000)
 ParOldGen       total 44032K, used 2237K [0x00000000c0000000, 0x00000000c2b00000, 0x00000000eab00000)
  object space 44032K, 5% used [0x00000000c0000000,0x00000000c022f4b0,0x00000000c2b00000)
 Metaspace       used 5553K, capacity 6704K, committed 6784K, reserved 1056768K
  class space    used 579K, capacity 616K, committed 640K, reserved 1048576K
}

Deoptimization events (10 events):
Event: 3.032 Thread 0x0000000056668000 Uncommon trap: reason=class_check action=maybe_recompile pc=0x00000000029bfbc0 method=com.android.dx.rop.cst.CstMemberRef.compareTo0(Lcom/android/dx/rop/cst/Constant;)I @ 1
Event: 3.033 Thread 0x0000000056668000 Uncommon trap: reason=class_check action=maybe_recompile pc=0x00000000029bfbc0 method=com.android.dx.rop.cst.CstMemberRef.compareTo0(Lcom/android/dx/rop/cst/Constant;)I @ 1
Event: 3.080 Thread 0x00000000004cf000 Uncommon trap: reason=unstable_if action=reinterpret pc=0x00000000029e53c4 method=com.android.dx.rop.cst.CstFieldRef.compareTo0(Lcom/android/dx/rop/cst/Constant;)I @ 7
Event: 4.060 Thread 0x00000000565cb800 Uncommon trap: reason=class_check action=maybe_recompile pc=0x0000000002adb438 method=com.android.dx.ssa.SsaBasicBlock.forEachInsn(Lcom/android/dx/ssa/SsaInsn$Visitor;)V @ 23
Event: 4.060 Thread 0x00000000565ca000 Uncommon trap: reason=class_check action=maybe_recompile pc=0x0000000002adb438 method=com.android.dx.ssa.SsaBasicBlock.forEachInsn(Lcom/android/dx/ssa/SsaInsn$Visitor;)V @ 23
Event: 4.060 Thread 0x00000000565ca000 Uncommon trap: reason=class_check action=maybe_recompile pc=0x0000000002adb438 method=com.android.dx.ssa.SsaBasicBlock.forEachInsn(Lcom/android/dx/ssa/SsaInsn$Visitor;)V @ 23
Event: 4.060 Thread 0x00000000565ca000 Uncommon trap: reason=class_check action=maybe_recompile pc=0x0000000002adb438 method=com.android.dx.ssa.SsaBasicBlock.forEachInsn(Lcom/android/dx/ssa/SsaInsn$Visitor;)V @ 23
Event: 4.102 Thread 0x00000000004cf000 Uncommon trap: reason=unstable_if action=reinterpret pc=0x0000000002998c2c method=java.lang.String.<init>([CII)V @ 18
Event: 4.124 Thread 0x00000000004cf000 Uncommon trap: reason=unstable_if action=reinterpret pc=0x0000000002adce44 method=java.lang.String.<init>([CII)V @ 18
Event: 4.132 Thread 0x0000000056669000 Uncommon trap: reason=unstable_if action=reinterpret pc=0x0000000002a6d888 method=java.util.HashMap.getNode(ILjava/lang/Object;)Ljava/util/HashMap$Node; @ 129

Internal exceptions (2 events):
Event: 1.419 Thread 0x00000000004cf000 Exception <a 'java/lang/NoSuchMethodError': Method sun.misc.Unsafe.defineClass(Ljava/lang/String;[BII)Ljava/lang/Class; name or signature does not match> (0x00000000eab07cc0) thrown at [D:\re\workspace\8-2-build-windows-amd64-cygwin\jdk8u92\6642\hotspot\srNÁK¸²ö?
Event: 1.419 Thread 0x00000000004cf000 Exception <a 'java/lang/NoSuchMethodError': Method sun.misc.Unsafe.prefetchRead(Ljava/lang/Object;J)V name or signature does not match> (0x00000000eab07fa8) thrown at [D:\re\workspace\8-2-build-windows-amd64-cygwin\jdk8u92\6642\hotspot\src\share\vm\prims\j

Events (10 events):
Event: 4.183 loading class com/android/dx/cf/code/Ropper$ExceptionHandlerSetup
Event: 4.183 loading class com/android/dx/cf/code/Ropper$ExceptionHandlerSetup done
Event: 4.189 loading class java/util/HashMap$Values
Event: 4.189 loading class java/util/HashMap$Values done
Event: 4.189 loading class java/util/HashMap$ValueIterator
Event: 4.189 loading class java/util/HashMap$ValueIterator done
Event: 4.189 loading class java/util/DualPivotQuicksort
Event: 4.189 loading class java/util/DualPivotQuicksort done
Event: 4.245 loading class com/android/dx/cf/attrib/AttSignature
Event: 4.245 loading class com/android/dx/cf/attrib/AttSignature done


Dynamic libraries:
0x000000013f620000 - 0x000000013f657000 	C:\Program Files\Java\jdk1.8.0_92\bin\java.exe
0x0000000076fa0000 - 0x000000007714a000 	C:\windows\SYSTEM32\ntdll.dll
0x0000000076c40000 - 0x0000000076d5f000 	C:\windows\system32\kernel32.dll
0x000007fefce70000 - 0x000007fefcedb000 	C:\windows\system32\KERNELBASE.dll
0x000007feff140000 - 0x000007feff21b000 	C:\windows\system32\ADVAPI32.dll
0x000007fefd430000 - 0x000007fefd4cf000 	C:\windows\system32\msvcrt.dll
0x000007fefe220000 - 0x000007fefe23f000 	C:\windows\SYSTEM32\sechost.dll
0x000007fefd4d0000 - 0x000007fefd5fd000 	C:\windows\system32\RPCRT4.dll
0x0000000076ea0000 - 0x0000000076f9a000 	C:\windows\system32\USER32.dll
0x000007fefe1b0000 - 0x000007fefe217000 	C:\windows\system32\GDI32.dll
0x000007fefd700000 - 0x000007fefd70e000 	C:\windows\system32\LPK.dll
0x000007fefd2b0000 - 0x000007fefd37a000 	C:\windows\system32\USP10.dll
0x000007fefb480000 - 0x000007fefb674000 	C:\windows\WinSxS\amd64_microsoft.windows.common-controls_6595b64144ccf1df_6.0.7601.18837_none_fa3b1e3d17594757\COMCTL32.dll
0x000007fefd380000 - 0x000007fefd3f1000 	C:\windows\system32\SHLWAPI.dll
0x000007fefd400000 - 0x000007fefd42e000 	C:\windows\system32\IMM32.DLL
0x000007fefd990000 - 0x000007fefda99000 	C:\windows\system32\MSCTF.dll
0x000000006c290000 - 0x000000006c362000 	C:\Program Files\Java\jdk1.8.0_92\jre\bin\msvcr100.dll
0x000000006b940000 - 0x000000006c1d6000 	C:\Program Files\Java\jdk1.8.0_92\jre\bin\server\jvm.dll
0x000007fef8ff0000 - 0x000007fef8ff9000 	C:\windows\system32\WSOCK32.dll
0x000007fefdc30000 - 0x000007fefdc7d000 	C:\windows\system32\WS2_32.dll
0x000007feff2a0000 - 0x000007feff2a8000 	C:\windows\system32\NSI.dll
0x000007fefcd20000 - 0x000007fefcd5b000 	C:\windows\system32\WINMM.dll
0x000007fefbdd0000 - 0x000007fefbddc000 	C:\windows\system32\VERSION.dll
0x0000000077160000 - 0x0000000077167000 	C:\windows\system32\PSAPI.DLL
0x0000000073e80000 - 0x0000000073e8f000 	C:\Program Files\Java\jdk1.8.0_92\jre\bin\verify.dll
0x0000000073120000 - 0x0000000073149000 	C:\Program Files\Java\jdk1.8.0_92\jre\bin\java.dll
0x00000000731d0000 - 0x00000000731e6000 	C:\Program Files\Java\jdk1.8.0_92\jre\bin\zip.dll
0x000007fefe3b0000 - 0x000007feff139000 	C:\windows\system32\SHELL32.dll
0x000007fefdfa0000 - 0x000007fefe1a3000 	C:\windows\system32\ole32.dll
0x000007fefcc70000 - 0x000007fefcc7f000 	C:\windows\system32\profapi.dll

VM Arguments:
jvm_args: -Djava.awt.headless=true -Xmx1024M -Dfile.encoding=GBK -Duser.country=CN -Duser.language=zh -Duser.variant 
java_command: com.android.dx.command.Main --dex --num-threads=4 --output E:\my\MyApplication2\app_new\build\intermediates\pre-dexed\debug\debug_f8b2f9158ae13b97bf7d1e57679fc08646c4877a.jar E:\my\MyApplication2\app_new\build\intermediates\classes\debug
java_class_path (initial): D:\Androidss\sdk\sdk\build-tools\24.0.1\lib\dx.jar
Launcher Type: SUN_STANDARD

Environment Variables:
JAVA_HOME=C:\Program Files\Java\jdk1.8.0_92
PATH=C:\Program Files\Java\jdk1.8.0_92\bin;C:\windows\system32;C:\windows;C:\windows\System32\Wbem;C:\windows\System32\WindowsPowerShell\v1.0\;C:\Program Files (x86)\Intel\OpenCL SDK\2.0\bin\x86;C:\Program Files (x86)\Intel\OpenCL SDK\2.0\bin\x64;
USERNAME=Administrator
OS=Windows_NT
PROCESSOR_IDENTIFIER=Intel64 Family 6 Model 42 Stepping 7, GenuineIntel



---------------  S Y S T E M  ---------------

OS: Windows 7 , 64 bit Build 7601 (6.1.7601.19135)

CPU:total 4 (4 cores per cpu, 1 threads per core) family 6 model 42 stepping 7, cmov, cx8, fxsr, mmx, sse, sse2, sse3, ssse3, sse4.1, sse4.2, popcnt, avx, clmul, tsc, tscinvbit

Memory: 4k page, physical 4133888k(619772k free), swap 5180628k(34596k free)

vm_info: Java HotSpot(TM) 64-Bit Server VM (25.92-b14) for windows-amd64 JRE (1.8.0_92-b14), built on Mar 31 2016 21:03:04 by "java_re" with MS VC++ 10.0 (VS2010)

time: Thu Sep 29 17:01:36 2016
elapsed time: 5 seconds (0d 0h 0m 5s)

