#
# There is insufficient memory for the Java Runtime Environment to continue.
# Native memory allocation (malloc) failed to allocate 222016 bytes for Chunk::new
# Possible reasons:
#   The system is out of physical RAM or swap space
#   In 32 bit mode, the process size limit was hit
# Possible solutions:
#   Reduce memory load on the system
#   Increase physical memory or swap space
#   Check if swap backing store is full
#   Use 64 bit Java on a 64 bit OS
#   Decrease Java heap size (-Xmx/-Xms)
#   Decrease number of Java threads
#   Decrease Java thread stack sizes (-Xss)
#   Set larger code cache with -XX:ReservedCodeCacheSize=
# This output file may be truncated or incomplete.
#
#  Out of Memory Error (allocation.cpp:390), pid=9956, tid=0x0000000000002614
#
# JRE version: Java(TM) SE Runtime Environment (8.0_92-b14) (build 1.8.0_92-b14)
# Java VM: Java HotSpot(TM) 64-Bit Server VM (25.92-b14 mixed mode windows-amd64 compressed oops)
# Failed to write core dump. Minidumps are not enabled by default on client versions of Windows
#

---------------  T H R E A D  ---------------

Current thread (0x0000000056614000):  JavaThread "C2 CompilerThread1" daemon [_thread_in_native, id=9748, stack(0x0000000056050000,0x0000000056150000)]

Stack: [0x0000000056050000,0x0000000056150000]
[error occurred during error reporting (printing stack bounds), id 0xc0000005]

Native frames: (J=compiled Java code, j=interpreted, Vv=VM code, C=native code)


Current CompileTask:
C2:   8965 1200       4       com.android.dx.ssa.back.LivenessAnalyzer::run (231 bytes)


---------------  P R O C E S S  ---------------

Java Threads: ( => current thread )
  0x00000000568e6800 JavaThread "pool-2-thread-4" [_thread_blocked, id=10332, stack(0x00000000562b0000,0x00000000563b0000)]
  0x00000000568d9800 JavaThread "pool-2-thread-3" [_thread_blocked, id=10320, stack(0x0000000057810000,0x0000000057910000)]
  0x00000000568cc000 JavaThread "pool-2-thread-2" [_thread_blocked, id=10312, stack(0x0000000057570000,0x0000000057670000)]
  0x00000000567a8800 JavaThread "pool-3-thread-1" [_thread_blocked, id=10292, stack(0x0000000057270000,0x0000000057370000)]
  0x00000000567a8000 JavaThread "pool-2-thread-1" [_thread_blocked, id=10288, stack(0x0000000057400000,0x0000000057500000)]
  0x00000000566aa000 JavaThread "Service Thread" daemon [_thread_blocked, id=7720, stack(0x0000000057150000,0x0000000057250000)]
  0x0000000056615000 JavaThread "C1 CompilerThread2" daemon [_thread_blocked, id=8660, stack(0x0000000056fd0000,0x00000000570d0000)]
=>0x0000000056614000 JavaThread "C2 CompilerThread1" daemon [_thread_in_native, id=9748, stack(0x0000000056050000,0x0000000056150000)]
  0x000000005660b000 JavaThread "C2 CompilerThread0" daemon [_thread_blocked, id=4836, stack(0x0000000056d90000,0x0000000056e90000)]
  0x000000005660a000 JavaThread "Attach Listener" daemon [_thread_blocked, id=8128, stack(0x0000000056c80000,0x0000000056d80000)]
  0x0000000055209800 JavaThread "Signal Dispatcher" daemon [_thread_blocked, id=10092, stack(0x0000000056ae0000,0x0000000056be0000)]
  0x00000000551e9000 JavaThread "Finalizer" daemon [_thread_blocked, id=8588, stack(0x0000000056500000,0x0000000056600000)]
  0x00000000551a2000 JavaThread "Reference Handler" daemon [_thread_blocked, id=9456, stack(0x00000000563c0000,0x00000000564c0000)]
  0x000000000242f000 JavaThread "main" [_thread_in_native, id=7228, stack(0x0000000002730000,0x0000000002830000)]

Other Threads:
  0x000000005519a800 VMThread [stack: 0x00000000561a0000,0x00000000562a0000] [id=9728]
  0x00000000566da800 WatcherThread [stack: 0x0000000056ea0000,0x0000000056fa0000] [id=7844]

VM state:not at safepoint (normal execution)

VM Mutex/Monitor currently owned by a thread: None

Heap:
 PSYoungGen      total 35328K, used 3096K [0x00000000eab00000, 0x00000000ed000000, 0x0000000100000000)
  eden space 32768K, 1% used [0x00000000eab00000,0x00000000eab86ef8,0x00000000ecb00000)
  from space 2560K, 99% used [0x00000000ecd80000,0x00000000ecfff470,0x00000000ed000000)
  to   space 2560K, 0% used [0x00000000ecb00000,0x00000000ecb00000,0x00000000ecd80000)
 ParOldGen       total 44032K, used 4186K [0x00000000c0000000, 0x00000000c2b00000, 0x00000000eab00000)
  object space 44032K, 9% used [0x00000000c0000000,0x00000000c0416898,0x00000000c2b00000)
 Metaspace       used 5799K, capacity 6896K, committed 7040K, reserved 1056768K
  class space    used 582K, capacity 616K, committed 640K, reserved 1048576K

Card table byte_map: [0x0000000011bf0000,0x0000000011e00000] byte_map_base: 0x00000000115f0000

Marking Bits: (ParMarkBitMap*) 0x000000006ff764f0
 Begin Bits: [0x0000000012610000, 0x0000000013610000)
 End Bits:   [0x0000000013610000, 0x0000000014610000)

Polling page: 0x0000000002370000

CodeCache: size=245760Kb used=4747Kb max_used=4765Kb free=241013Kb
 bounds [0x0000000002830000, 0x0000000002ce0000, 0x0000000011830000]
 total_blobs=1464 nmethods=1199 adapters=177
 compilation: disabled (not enough contiguous free space left)

Compilation events (10 events):
Event: 4.953 Thread 0x0000000056615000 1199       3       com.android.dx.rop.code.BasicBlockList::getRegCount (34 bytes)
Event: 4.953 Thread 0x0000000056615000 nmethod 1199 0x0000000002cd0fd0 code [0x0000000002cd1140, 0x0000000002cd14c8]
Event: 4.953 Thread 0x000000005660b000 nmethod 1195 0x0000000002cd0590 code [0x0000000002cd0700, 0x0000000002cd0a08]
Event: 4.953 Thread 0x000000005660b000 1194       4       com.android.dx.ssa.SCCP::simulateBranch (666 bytes)
Event: 4.953 Thread 0x0000000056614000 nmethod 1192 0x0000000002cd5690 code [0x0000000002cd5800, 0x0000000002cd5c88]
Event: 4.953 Thread 0x0000000056614000 1197       4       com.android.dx.ssa.SCCP::addBlockToWorklist (47 bytes)
Event: 4.962 Thread 0x0000000056614000 nmethod 1197 0x0000000002cd9290 code [0x0000000002cd9420, 0x0000000002cd9c68]
Event: 4.962 Thread 0x0000000056614000 1201   !   4       com.android.dx.rop.code.BasicBlock::<init> (273 bytes)
Event: 4.969 Thread 0x0000000056614000 nmethod 1201 0x0000000002cd6590 code [0x0000000002cd6700, 0x0000000002cd6d58]
Event: 4.969 Thread 0x0000000056614000 1200       4       com.android.dx.ssa.back.LivenessAnalyzer::run (231 bytes)

GC Heap History (2 events):
Event: 3.053 GC heap before
{Heap before GC invocations=1 (full 0):
 PSYoungGen      total 18944K, used 16384K [0x00000000eab00000, 0x00000000ec000000, 0x0000000100000000)
  eden space 16384K, 100% used [0x00000000eab00000,0x00000000ebb00000,0x00000000ebb00000)
  from space 2560K, 0% used [0x00000000ebd80000,0x00000000ebd80000,0x00000000ec000000)
  to   space 2560K, 0% used [0x00000000ebb00000,0x00000000ebb00000,0x00000000ebd80000)
 ParOldGen       total 44032K, used 0K [0x00000000c0000000, 0x00000000c2b00000, 0x00000000eab00000)
  object space 44032K, 0% used [0x00000000c0000000,0x00000000c0000000,0x00000000c2b00000)
 Metaspace       used 5704K, capacity 6768K, committed 7040K, reserved 1056768K
  class space    used 578K, capacity 616K, committed 640K, reserved 1048576K
Event: 3.287 GC heap after
Heap after GC invocations=1 (full 0):
 PSYoungGen      total 18944K, used 2543K [0x00000000eab00000, 0x00000000ed000000, 0x0000000100000000)
  eden space 16384K, 0% used [0x00000000eab00000,0x00000000eab00000,0x00000000ebb00000)
  from space 2560K, 99% used [0x00000000ebb00000,0x00000000ebd7bdf0,0x00000000ebd80000)
  to   space 2560K, 0% used [0x00000000ecd80000,0x00000000ecd80000,0x00000000ed000000)
 ParOldGen       total 44032K, used 1751K [0x00000000c0000000, 0x00000000c2b00000, 0x00000000eab00000)
  object space 44032K, 3% used [0x00000000c0000000,0x00000000c01b5f38,0x00000000c2b00000)
 Metaspace       used 5704K, capacity 6768K, committed 7040K, reserved 1056768K
  class space    used 578K, capacity 616K, committed 640K, reserved 1048576K
}

Deoptimization events (10 events):
Event: 4.417 Thread 0x00000000568d9800 Uncommon trap: reason=unstable_if action=reinterpret pc=0x0000000002bb872c method=com.android.dx.ssa.SsaRenamer$BlockRenamer.addMapping(ILcom/android/dx/rop/code/RegisterSpec;)V @ 120
Event: 4.417 Thread 0x00000000568d9800 Uncommon trap: reason=null_check action=make_not_entrant pc=0x0000000002aefb90 method=com.android.dx.ssa.SsaRenamer.getLocalForNewReg(I)Lcom/android/dx/rop/code/LocalItem; @ 19
Event: 4.417 Thread 0x00000000568d9800 Uncommon trap: reason=unstable_if action=reinterpret pc=0x0000000002a6dc78 method=java.util.HashMap.getNode(ILjava/lang/Object;)Ljava/util/HashMap$Node; @ 129
Event: 4.417 Thread 0x00000000568d9800 Uncommon trap: reason=unstable_if action=reinterpret pc=0x0000000002a6f9d4 method=java.util.HashMap.getNode(ILjava/lang/Object;)Ljava/util/HashMap$Node; @ 129
Event: 4.418 Thread 0x00000000568d9800 Uncommon trap: reason=unstable_if action=reinterpret pc=0x0000000002bba344 method=com.android.dx.ssa.NormalSsaInsn.getLocalAssignment()Lcom/android/dx/rop/code/RegisterSpec; @ 12
Event: 4.418 Thread 0x00000000568d9800 Uncommon trap: reason=unstable_if action=reinterpret pc=0x0000000002b96f98 method=com.android.dx.ssa.NormalSsaInsn.getLocalAssignment()Lcom/android/dx/rop/code/RegisterSpec; @ 12
Event: 4.418 Thread 0x00000000568d9800 Uncommon trap: reason=unstable_if action=reinterpret pc=0x0000000002b94e60 method=com.android.dx.ssa.NormalSsaInsn.getLocalAssignment()Lcom/android/dx/rop/code/RegisterSpec; @ 12
Event: 4.419 Thread 0x00000000568d9800 Uncommon trap: reason=unstable_if action=reinterpret pc=0x0000000002ae90bc method=com.android.dx.rop.code.RegisterSpec.equals(ILcom/android/dx/rop/type/TypeBearer;Lcom/android/dx/rop/code/LocalItem;)Z @ 24
Event: 4.436 Thread 0x00000000568d9800 Uncommon trap: reason=unstable_if action=reinterpret pc=0x000000000299d4c4 method=com.android.dx.rop.cst.Constant.compareTo(Lcom/android/dx/rop/cst/Constant;)I @ 12
Event: 4.561 Thread 0x00000000568e6800 Uncommon trap: reason=unstable_if action=reinterpret pc=0x0000000002c42cd0 method=com.android.dx.util.IntList.binarysearch(I)I @ 26

Internal exceptions (3 events):
Event: 0.054 Thread 0x000000000242f000 Exception <a 'java/lang/NoSuchMethodError': Method sun.misc.Unsafe.defineClass(Ljava/lang/String;[BII)Ljava/lang/Class; name or signature does not match> (0x00000000eab07cc0) thrown at [D:\re\workspace\8-2-build-windows-amd64-cygwin\jdk8u92\6642\hotspot\srèŠÆÖ;È«?
Event: 0.054 Thread 0x000000000242f000 Exception <a 'java/lang/NoSuchMethodError': Method sun.misc.Unsafe.prefetchRead(Ljava/lang/Object;J)V name or signature does not match> (0x00000000eab07fa8) thrown at [D:\re\workspace\8-2-build-windows-amd64-cygwin\jdk8u92\6642\hotspot\src\share\vm\prims\jÁ²€Ü¿ª@
Event: 4.417 Thread 0x00000000568d9800 Implicit null exception at 0x0000000002aee6a9 to 0x0000000002aefb75

Events (10 events):
Event: 4.552 loading class com/android/dx/dex/file/FieldAnnotationStruct done
Event: 4.555 loading class com/android/dx/dex/file/MethodAnnotationStruct
Event: 4.555 loading class com/android/dx/dex/file/MethodAnnotationStruct done
Event: 4.561 Thread 0x00000000568e6800 Uncommon trap: trap_request=0xffffff65 fr.pc=0x0000000002c42cd0
Event: 4.561 Thread 0x00000000568e6800 DEOPT PACKING pc=0x0000000002c42cd0 sp=0x00000000563ae680
Event: 4.561 Thread 0x00000000568e6800 DEOPT UNPACKING pc=0x000000000287582a sp=0x00000000563ae5f8 mode 2
Event: 4.732 loading class com/android/dx/cf/direct/DirectClassFile$DcfTypeList
Event: 4.732 loading class com/android/dx/cf/direct/DirectClassFile$DcfTypeList done
Event: 4.733 loading class com/android/dx/cf/attrib/AttEnclosingMethod
Event: 4.733 loading class com/android/dx/cf/attrib/AttEnclosingMethod done


Dynamic libraries:
0x000000013f200000 - 0x000000013f237000 	C:\Program Files\Java\jdk1.8.0_92\bin\java.exe
0x00000000775b0000 - 0x000000007775a000 	C:\windows\SYSTEM32\ntdll.dll
0x0000000077390000 - 0x00000000774af000 	C:\windows\system32\kernel32.dll
0x000007fefd370000 - 0x000007fefd3db000 	C:\windows\system32\KERNELBASE.dll
0x000007feff370000 - 0x000007feff44b000 	C:\windows\system32\ADVAPI32.dll
0x000007fefec90000 - 0x000007fefed2f000 	C:\windows\system32\msvcrt.dll
0x000007fefd730000 - 0x000007fefd74f000 	C:\windows\SYSTEM32\sechost.dll
0x000007feff180000 - 0x000007feff2ad000 	C:\windows\system32\RPCRT4.dll
0x00000000774b0000 - 0x00000000775aa000 	C:\windows\system32\USER32.dll
0x000007feff080000 - 0x000007feff0e7000 	C:\windows\system32\GDI32.dll
0x000007feff680000 - 0x000007feff68e000 	C:\windows\system32\LPK.dll
0x000007fefe930000 - 0x000007fefe9fa000 	C:\windows\system32\USP10.dll
0x000007fefbb10000 - 0x000007fefbd04000 	C:\windows\WinSxS\amd64_microsoft.windows.common-controls_6595b64144ccf1df_6.0.7601.18837_none_fa3b1e3d17594757\COMCTL32.dll
0x000007fefe7d0000 - 0x000007fefe841000 	C:\windows\system32\SHLWAPI.dll
0x000007feff050000 - 0x000007feff07e000 	C:\windows\system32\IMM32.DLL
0x000007fefef40000 - 0x000007feff049000 	C:\windows\system32\MSCTF.dll
0x000000006e9f0000 - 0x000000006eac2000 	C:\Program Files\Java\jdk1.8.0_92\jre\bin\msvcr100.dll
0x000000006f760000 - 0x000000006fff6000 	C:\Program Files\Java\jdk1.8.0_92\jre\bin\server\jvm.dll
0x000007fef94c0000 - 0x000007fef94c9000 	C:\windows\system32\WSOCK32.dll
0x000007fefebe0000 - 0x000007fefec2d000 	C:\windows\system32\WS2_32.dll
0x000007fefda30000 - 0x000007fefda38000 	C:\windows\system32\NSI.dll
0x000007fefd4e0000 - 0x000007fefd51b000 	C:\windows\system32\WINMM.dll
0x000007fefc3e0000 - 0x000007fefc3ec000 	C:\windows\system32\VERSION.dll
0x0000000077770000 - 0x0000000077777000 	C:\windows\system32\PSAPI.DLL
0x0000000072380000 - 0x000000007238f000 	C:\Program Files\Java\jdk1.8.0_92\jre\bin\verify.dll
0x0000000071dd0000 - 0x0000000071df9000 	C:\Program Files\Java\jdk1.8.0_92\jre\bin\java.dll
0x0000000072360000 - 0x0000000072376000 	C:\Program Files\Java\jdk1.8.0_92\jre\bin\zip.dll
0x000007fefda40000 - 0x000007fefe7c9000 	C:\windows\system32\SHELL32.dll
0x000007fefed30000 - 0x000007fefef33000 	C:\windows\system32\ole32.dll
0x000007fefd280000 - 0x000007fefd28f000 	C:\windows\system32\profapi.dll

VM Arguments:
jvm_args: -Djava.awt.headless=true -Xmx1024M -Dfile.encoding=GBK -Duser.country=CN -Duser.language=zh -Duser.variant 
java_command: com.android.dx.command.Main --dex --force-jumbo --num-threads=4 --multi-dex --output E:\my\MyApplication2\app_new\build\intermediates\transforms\dex\debug\folders\1000\5\slice_2 E:\my\MyApplication2\app_new\build\intermediates\transforms\instantRunSlicer\debug\folders\1\5\slice_2
java_class_path (initial): D:\Androidss\sdk\sdk\build-tools\24.0.1\lib\dx.jar
Launcher Type: SUN_STANDARD

Environment Variables:
JAVA_HOME=C:\Program Files\Java\jdk1.8.0_92
PATH=C:\Program Files\Java\jdk1.8.0_92\bin;C:\windows\system32;C:\windows;C:\windows\System32\Wbem;C:\windows\System32\WindowsPowerShell\v1.0\;C:\Program Files (x86)\Intel\OpenCL SDK\2.0\bin\x86;C:\Program Files (x86)\Intel\OpenCL SDK\2.0\bin\x64;
USERNAME=Administrator
OS=Windows_NT
PROCESSOR_IDENTIFIER=Intel64 Family 6 Model 42 Stepping 7, GenuineIntel



---------------  S Y S T E M  ---------------

OS: Windows 7 , 64 bit Build 7601 (6.1.7601.19135)

CPU:total 4 (4 cores per cpu, 1 threads per core) family 6 model 42 stepping 7, cmov, cx8, fxsr, mmx, sse, sse2, sse3, ssse3, sse4.1, sse4.2, popcnt, avx, clmul, tsc, tscinvbit

Memory: 4k page, physical 4133888k(597832k free), swap 5180628k(11772k free)

vm_info: Java HotSpot(TM) 64-Bit Server VM (25.92-b14) for windows-amd64 JRE (1.8.0_92-b14), built on Mar 31 2016 21:03:04 by "java_re" with MS VC++ 10.0 (VS2010)

time: Wed Sep 28 10:21:59 2016
elapsed time: 8 seconds (0d 0h 0m 8s)

