#
# There is insufficient memory for the Java Runtime Environment to continue.
# Native memory allocation (malloc) failed to allocate 290976 bytes for Chunk::new
# Possible reasons:
#   The system is out of physical RAM or swap space
#   In 32 bit mode, the process size limit was hit
# Possible solutions:
#   Reduce memory load on the system
#   Increase physical memory or swap space
#   Check if swap backing store is full
#   Use 64 bit Java on a 64 bit OS
#   Decrease Java heap size (-Xmx/-Xms)
#   Decrease number of Java threads
#   Decrease Java thread stack sizes (-Xss)
#   Set larger code cache with -XX:ReservedCodeCacheSize=
# This output file may be truncated or incomplete.
#
#  Out of Memory Error (allocation.cpp:390), pid=8304, tid=0x00000000000026b8
#
# JRE version: Java(TM) SE Runtime Environment (8.0_92-b14) (build 1.8.0_92-b14)
# Java VM: Java HotSpot(TM) 64-Bit Server VM (25.92-b14 mixed mode windows-amd64 compressed oops)
# Failed to write core dump. Minidumps are not enabled by default on client versions of Windows
#

---------------  T H R E A D  ---------------

Current thread (0x0000000056474000):  JavaThread "C2 CompilerThread1" daemon [_thread_in_native, id=9912, stack(0x0000000056e60000,0x0000000056f60000)]

Stack: [0x0000000056e60000,0x0000000056f60000]
[error occurred during error reporting (printing stack bounds), id 0xc0000005]

Native frames: (J=compiled Java code, j=interpreted, Vv=VM code, C=native code)


Current CompileTask:
C2:   8985 1410       4       com.android.dx.ssa.SsaMethod::computeReachability (131 bytes)


---------------  P R O C E S S  ---------------

Java Threads: ( => current thread )
  0x0000000056748800 JavaThread "pool-2-thread-4" [_thread_blocked, id=10324, stack(0x00000000578a0000,0x00000000579a0000)]
  0x000000005673d800 JavaThread "pool-2-thread-3" [_thread_blocked, id=10316, stack(0x0000000057730000,0x0000000057830000)]
  0x0000000056635800 JavaThread "pool-2-thread-2" [_thread_blocked, id=10304, stack(0x0000000057620000,0x0000000057720000)]
  0x0000000056630800 JavaThread "pool-3-thread-1" [_thread_blocked, id=10300, stack(0x00000000574a0000,0x00000000575a0000)]
  0x0000000056630000 JavaThread "pool-2-thread-1" [_thread_blocked, id=10296, stack(0x0000000057320000,0x0000000057420000)]
  0x00000000564e1800 JavaThread "Service Thread" daemon [_thread_blocked, id=1912, stack(0x0000000056d40000,0x0000000056e40000)]
  0x0000000056475000 JavaThread "C1 CompilerThread2" daemon [_thread_blocked, id=9772, stack(0x0000000056fb0000,0x00000000570b0000)]
=>0x0000000056474000 JavaThread "C2 CompilerThread1" daemon [_thread_in_native, id=9912, stack(0x0000000056e60000,0x0000000056f60000)]
  0x000000005508b800 JavaThread "C2 CompilerThread0" daemon [_thread_in_native, id=9652, stack(0x0000000056c10000,0x0000000056d10000)]
  0x0000000055088000 JavaThread "Attach Listener" daemon [_thread_blocked, id=8072, stack(0x00000000569c0000,0x0000000056ac0000)]
  0x000000005646b800 JavaThread "Signal Dispatcher" daemon [_thread_blocked, id=9420, stack(0x0000000056860000,0x0000000056960000)]
  0x0000000055069000 JavaThread "Finalizer" daemon [_thread_blocked, id=10028, stack(0x0000000056260000,0x0000000056360000)]
  0x0000000055022000 JavaThread "Reference Handler" daemon [_thread_blocked, id=7212, stack(0x0000000056360000,0x0000000056460000)]
  0x00000000002df000 JavaThread "main" [_thread_in_native, id=9204, stack(0x00000000028e0000,0x00000000029e0000)]

Other Threads:
  0x000000005501a800 VMThread [stack: 0x0000000056110000,0x0000000056210000] [id=9624]
  0x0000000056522800 WatcherThread [stack: 0x00000000571e0000,0x00000000572e0000] [id=7732]

VM state:not at safepoint (normal execution)

VM Mutex/Monitor currently owned by a thread: None

Heap:
 PSYoungGen      total 35328K, used 6860K [0x00000000eab00000, 0x00000000ed000000, 0x0000000100000000)
  eden space 32768K, 13% used [0x00000000eab00000,0x00000000eaf339b0,0x00000000ecb00000)
  from space 2560K, 99% used [0x00000000ecb00000,0x00000000ecd7f6c0,0x00000000ecd80000)
  to   space 2560K, 0% used [0x00000000ecd80000,0x00000000ecd80000,0x00000000ed000000)
 ParOldGen       total 44032K, used 15328K [0x00000000c0000000, 0x00000000c2b00000, 0x00000000eab00000)
  object space 44032K, 34% used [0x00000000c0000000,0x00000000c0ef8050,0x00000000c2b00000)
 Metaspace       used 5893K, capacity 6960K, committed 7040K, reserved 1056768K
  class space    used 587K, capacity 616K, committed 640K, reserved 1048576K

Card table byte_map: [0x0000000011da0000,0x0000000011fb0000] byte_map_base: 0x00000000117a0000

Marking Bits: (ParMarkBitMap*) 0x000000006ff764f0
 Begin Bits: [0x0000000012490000, 0x0000000013490000)
 End Bits:   [0x0000000013490000, 0x0000000014490000)

Polling page: 0x0000000000170000

CodeCache: size=245760Kb used=6158Kb max_used=6170Kb free=239601Kb
 bounds [0x00000000029e0000, 0x0000000002ff0000, 0x00000000119e0000]
 total_blobs=1692 nmethods=1428 adapters=177
 compilation: enabled

Compilation events (10 events):
Event: 5.003 Thread 0x0000000056475000 1419       3       com.android.dx.ssa.DomFront::buildDomTree (72 bytes)
Event: 5.004 Thread 0x0000000056475000 nmethod 1419 0x0000000002fc0fd0 code [0x0000000002fc1240, 0x0000000002fc20a8]
Event: 5.005 Thread 0x000000005508b800 nmethod 1416 0x0000000002fd0b90 code [0x0000000002fd0ce0, 0x0000000002fd0f58]
Event: 5.005 Thread 0x000000005508b800 1421       4       com.android.dx.rop.code.Insn::hashCode (5 bytes)
Event: 5.006 Thread 0x000000005508b800 nmethod 1421 0x0000000002fd0910 code [0x0000000002fd0a60, 0x0000000002fd0ae8]
Event: 5.006 Thread 0x000000005508b800 1413       4       com.android.dx.ssa.NormalSsaInsn::toRopInsn (19 bytes)
Event: 5.006 Thread 0x000000005508b800 nmethod 1413 0x0000000002fd0650 code [0x0000000002fd07a0, 0x0000000002fd0838]
Event: 5.006 Thread 0x000000005508b800 1409       4       com.android.dx.ssa.SsaRenamer$BlockRenamer$RenamingMapper::map (28 bytes)
Event: 5.007 Thread 0x000000005508b800 nmethod 1409 0x0000000002fd0250 code [0x0000000002fd03a0, 0x0000000002fd0488]
Event: 5.007 Thread 0x000000005508b800 1407       4       com.android.dx.ssa.InterferenceRegisterMapper::interferes (78 bytes)

GC Heap History (6 events):
Event: 2.709 GC heap before
{Heap before GC invocations=1 (full 0):
 PSYoungGen      total 18944K, used 16384K [0x00000000eab00000, 0x00000000ec000000, 0x0000000100000000)
  eden space 16384K, 100% used [0x00000000eab00000,0x00000000ebb00000,0x00000000ebb00000)
  from space 2560K, 0% used [0x00000000ebd80000,0x00000000ebd80000,0x00000000ec000000)
  to   space 2560K, 0% used [0x00000000ebb00000,0x00000000ebb00000,0x00000000ebd80000)
 ParOldGen       total 44032K, used 0K [0x00000000c0000000, 0x00000000c2b00000, 0x00000000eab00000)
  object space 44032K, 0% used [0x00000000c0000000,0x00000000c0000000,0x00000000c2b00000)
 Metaspace       used 5662K, capacity 6768K, committed 7040K, reserved 1056768K
  class space    used 578K, capacity 616K, committed 640K, reserved 1048576K
Event: 3.073 GC heap after
Heap after GC invocations=1 (full 0):
 PSYoungGen      total 18944K, used 2552K [0x00000000eab00000, 0x00000000ed000000, 0x0000000100000000)
  eden space 16384K, 0% used [0x00000000eab00000,0x00000000eab00000,0x00000000ebb00000)
  from space 2560K, 99% used [0x00000000ebb00000,0x00000000ebd7e048,0x00000000ebd80000)
  to   space 2560K, 0% used [0x00000000ecd80000,0x00000000ecd80000,0x00000000ed000000)
 ParOldGen       total 44032K, used 1487K [0x00000000c0000000, 0x00000000c2b00000, 0x00000000eab00000)
  object space 44032K, 3% used [0x00000000c0000000,0x00000000c0173ca0,0x00000000c2b00000)
 Metaspace       used 5662K, capacity 6768K, committed 7040K, reserved 1056768K
  class space    used 578K, capacity 616K, committed 640K, reserved 1048576K
}
Event: 4.094 GC heap before
{Heap before GC invocations=2 (full 0):
 PSYoungGen      total 18944K, used 18936K [0x00000000eab00000, 0x00000000ed000000, 0x0000000100000000)
  eden space 16384K, 100% used [0x00000000eab00000,0x00000000ebb00000,0x00000000ebb00000)
  from space 2560K, 99% used [0x00000000ebb00000,0x00000000ebd7e048,0x00000000ebd80000)
  to   space 2560K, 0% used [0x00000000ecd80000,0x00000000ecd80000,0x00000000ed000000)
 ParOldGen       total 44032K, used 1487K [0x00000000c0000000, 0x00000000c2b00000, 0x00000000eab00000)
  object space 44032K, 3% used [0x00000000c0000000,0x00000000c0173ca0,0x00000000c2b00000)
 Metaspace       used 5749K, capacity 6832K, committed 7040K, reserved 1056768K
  class space    used 581K, capacity 616K, committed 640K, reserved 1048576K
Event: 4.147 GC heap after
Heap after GC invocations=2 (full 0):
 PSYoungGen      total 35328K, used 2551K [0x00000000eab00000, 0x00000000ed000000, 0x0000000100000000)
  eden space 32768K, 0% used [0x00000000eab00000,0x00000000eab00000,0x00000000ecb00000)
  from space 2560K, 99% used [0x00000000ecd80000,0x00000000ecffdff8,0x00000000ed000000)
  to   space 2560K, 0% used [0x00000000ecb00000,0x00000000ecb00000,0x00000000ecd80000)
 ParOldGen       total 44032K, used 8286K [0x00000000c0000000, 0x00000000c2b00000, 0x00000000eab00000)
  object space 44032K, 18% used [0x00000000c0000000,0x00000000c08178e8,0x00000000c2b00000)
 Metaspace       used 5749K, capacity 6832K, committed 7040K, reserved 1056768K
  class space    used 581K, capacity 616K, committed 640K, reserved 1048576K
}
Event: 4.860 GC heap before
{Heap before GC invocations=3 (full 0):
 PSYoungGen      total 35328K, used 35319K [0x00000000eab00000, 0x00000000ed000000, 0x0000000100000000)
  eden space 32768K, 100% used [0x00000000eab00000,0x00000000ecb00000,0x00000000ecb00000)
  from space 2560K, 99% used [0x00000000ecd80000,0x00000000ecffdff8,0x00000000ed000000)
  to   space 2560K, 0% used [0x00000000ecb00000,0x00000000ecb00000,0x00000000ecd80000)
 ParOldGen       total 44032K, used 8286K [0x00000000c0000000, 0x00000000c2b00000, 0x00000000eab00000)
  object space 44032K, 18% used [0x00000000c0000000,0x00000000c08178e8,0x00000000c2b00000)
 Metaspace       used 5874K, capacity 6960K, committed 7040K, reserved 1056768K
  class space    used 587K, capacity 616K, committed 640K, reserved 1048576K
Event: 4.890 GC heap after
Heap after GC invocations=3 (full 0):
 PSYoungGen      total 35328K, used 2557K [0x00000000eab00000, 0x00000000ed000000, 0x0000000100000000)
  eden space 32768K, 0% used [0x00000000eab00000,0x00000000eab00000,0x00000000ecb00000)
  from space 2560K, 99% used [0x00000000ecb00000,0x00000000ecd7f6c0,0x00000000ecd80000)
  to   space 2560K, 0% used [0x00000000ecd80000,0x00000000ecd80000,0x00000000ed000000)
 ParOldGen       total 44032K, used 15328K [0x00000000c0000000, 0x00000000c2b00000, 0x00000000eab00000)
  object space 44032K, 34% used [0x00000000c0000000,0x00000000c0ef8050,0x00000000c2b00000)
 Metaspace       used 5874K, capacity 6960K, committed 7040K, reserved 1056768K
  class space    used 587K, capacity 616K, committed 640K, reserved 1048576K
}

Deoptimization events (10 events):
Event: 4.499 Thread 0x0000000056635800 Uncommon trap: reason=unstable_if action=reinterpret pc=0x0000000002ec433c method=com.android.dx.rop.code.Insn.equalsHandleNulls(Ljava/lang/Object;Ljava/lang/Object;)Z @ 14
Event: 4.653 Thread 0x0000000056748800 Uncommon trap: reason=unstable_if action=reinterpret pc=0x0000000002f3f9ac method=com.android.dx.ssa.SCCP.simulateStmt(Lcom/android/dx/ssa/SsaInsn;)V @ 469
Event: 4.767 Thread 0x000000005673d800 Uncommon trap: reason=unstable_if action=reinterpret pc=0x0000000002f4c87c method=com.android.dx.ssa.SCCP.simulateBranch(Lcom/android/dx/ssa/SsaInsn;)V @ 64
Event: 4.768 Thread 0x000000005673d800 Uncommon trap: reason=unstable_if action=reinterpret pc=0x0000000002de698c method=com.android.dx.ssa.SsaMethod.updateOneDefinition(Lcom/android/dx/ssa/SsaInsn;Lcom/android/dx/rop/code/RegisterSpec;)V @ 4
Event: 4.774 Thread 0x000000005673d800 Uncommon trap: reason=unstable_if action=reinterpret pc=0x0000000002b54844 method=com.android.dx.rop.cst.Constant.compareTo(Lcom/android/dx/rop/cst/Constant;)I @ 12
Event: 4.781 Thread 0x000000005673d800 Uncommon trap: reason=unstable_if action=reinterpret pc=0x0000000002eecac4 method=com.android.dx.ssa.SsaRenamer$BlockRenamer.visitMoveInsn(Lcom/android/dx/ssa/NormalSsaInsn;)V @ 104
Event: 4.849 Thread 0x0000000056635800 Uncommon trap: reason=bimorphic action=maybe_recompile pc=0x0000000002f84eb8 method=com.android.dx.ssa.SCCP.setLatticeValueTo(IILcom/android/dx/rop/cst/Constant;)Z @ 43
Event: 4.849 Thread 0x0000000056635800 Uncommon trap: reason=bimorphic action=maybe_recompile pc=0x0000000002f84eb8 method=com.android.dx.ssa.SCCP.setLatticeValueTo(IILcom/android/dx/rop/cst/Constant;)Z @ 43
Event: 4.849 Thread 0x0000000056635800 Uncommon trap: reason=bimorphic action=maybe_recompile pc=0x0000000002f84eb8 method=com.android.dx.ssa.SCCP.setLatticeValueTo(IILcom/android/dx/rop/cst/Constant;)Z @ 43
Event: 4.849 Thread 0x0000000056635800 Uncommon trap: reason=bimorphic action=maybe_recompile pc=0x0000000002f84eb8 method=com.android.dx.ssa.SCCP.setLatticeValueTo(IILcom/android/dx/rop/cst/Constant;)Z @ 43

Internal exceptions (3 events):
Event: 0.060 Thread 0x00000000002df000 Exception <a 'java/lang/NoSuchMethodError': Method sun.misc.Unsafe.defineClass(Ljava/lang/String;[BII)Ljava/lang/Class; name or signature does not match> (0x00000000eab07cc0) thrown at [D:\re\workspace\8-2-build-windows-amd64-cygwin\jdk8u92\6642\hotspot\srƒ√®—!ÜÆ?
Event: 0.060 Thread 0x00000000002df000 Exception <a 'java/lang/NoSuchMethodError': Method sun.misc.Unsafe.prefetchRead(Ljava/lang/Object;J)V name or signature does not match> (0x00000000eab07fa8) thrown at [D:\re\workspace\8-2-build-windows-amd64-cygwin\jdk8u92\6642\hotspot\src\share\vm\prims\j5„Ôfå]@
Event: 4.341 Thread 0x000000005673d800 Implicit null exception at 0x0000000002ea60b7 to 0x0000000002ea6d9d

Events (10 events):
Event: 4.849 Thread 0x0000000056635800 Uncommon trap: trap_request=0xffffffc6 fr.pc=0x0000000002f84eb8
Event: 4.849 Thread 0x0000000056635800 DEOPT PACKING pc=0x0000000002f84eb8 sp=0x000000005771ed40
Event: 4.849 Thread 0x0000000056635800 DEOPT UNPACKING pc=0x0000000002a2582a sp=0x000000005771ec88 mode 2
Event: 4.849 Thread 0x0000000056635800 Uncommon trap: trap_request=0xffffffc6 fr.pc=0x0000000002f84eb8
Event: 4.849 Thread 0x0000000056635800 DEOPT PACKING pc=0x0000000002f84eb8 sp=0x000000005771ed40
Event: 4.849 Thread 0x0000000056635800 DEOPT UNPACKING pc=0x0000000002a2582a sp=0x000000005771ec88 mode 2
Event: 4.860 Executing VM operation: ParallelGCFailedAllocation
Event: 4.890 Executing VM operation: ParallelGCFailedAllocation done
Event: 4.996 Thread 0x0000000056630000 DEOPT PACKING pc=0x0000000002dd9cd3 sp=0x000000005741e590
Event: 4.996 Thread 0x0000000056630000 DEOPT UNPACKING pc=0x0000000002a2787f sp=0x000000005741e358 mode 0


Dynamic libraries:
0x000000013f200000 - 0x000000013f237000 	C:\Program Files\Java\jdk1.8.0_92\bin\java.exe
0x00000000775b0000 - 0x000000007775a000 	C:\windows\SYSTEM32\ntdll.dll
0x0000000077390000 - 0x00000000774af000 	C:\windows\system32\kernel32.dll
0x000007fefd370000 - 0x000007fefd3db000 	C:\windows\system32\KERNELBASE.dll
0x000007feff370000 - 0x000007feff44b000 	C:\windows\system32\ADVAPI32.dll
0x000007fefec90000 - 0x000007fefed2f000 	C:\windows\system32\msvcrt.dll
0x000007fefd730000 - 0x000007fefd74f000 	C:\windows\SYSTEM32\sechost.dll
0x000007feff180000 - 0x000007feff2ad000 	C:\windows\system32\RPCRT4.dll
0x00000000774b0000 - 0x00000000775aa000 	C:\windows\system32\USER32.dll
0x000007feff080000 - 0x000007feff0e7000 	C:\windows\system32\GDI32.dll
0x000007feff680000 - 0x000007feff68e000 	C:\windows\system32\LPK.dll
0x000007fefe930000 - 0x000007fefe9fa000 	C:\windows\system32\USP10.dll
0x000007fefbb10000 - 0x000007fefbd04000 	C:\windows\WinSxS\amd64_microsoft.windows.common-controls_6595b64144ccf1df_6.0.7601.18837_none_fa3b1e3d17594757\COMCTL32.dll
0x000007fefe7d0000 - 0x000007fefe841000 	C:\windows\system32\SHLWAPI.dll
0x000007feff050000 - 0x000007feff07e000 	C:\windows\system32\IMM32.DLL
0x000007fefef40000 - 0x000007feff049000 	C:\windows\system32\MSCTF.dll
0x000000006e9f0000 - 0x000000006eac2000 	C:\Program Files\Java\jdk1.8.0_92\jre\bin\msvcr100.dll
0x000000006f760000 - 0x000000006fff6000 	C:\Program Files\Java\jdk1.8.0_92\jre\bin\server\jvm.dll
0x000007fef94c0000 - 0x000007fef94c9000 	C:\windows\system32\WSOCK32.dll
0x000007fefebe0000 - 0x000007fefec2d000 	C:\windows\system32\WS2_32.dll
0x000007fefda30000 - 0x000007fefda38000 	C:\windows\system32\NSI.dll
0x000007fefd4e0000 - 0x000007fefd51b000 	C:\windows\system32\WINMM.dll
0x000007fefc3e0000 - 0x000007fefc3ec000 	C:\windows\system32\VERSION.dll
0x0000000077770000 - 0x0000000077777000 	C:\windows\system32\PSAPI.DLL
0x0000000072380000 - 0x000000007238f000 	C:\Program Files\Java\jdk1.8.0_92\jre\bin\verify.dll
0x0000000071dd0000 - 0x0000000071df9000 	C:\Program Files\Java\jdk1.8.0_92\jre\bin\java.dll
0x0000000072360000 - 0x0000000072376000 	C:\Program Files\Java\jdk1.8.0_92\jre\bin\zip.dll
0x000007fefda40000 - 0x000007fefe7c9000 	C:\windows\system32\SHELL32.dll
0x000007fefed30000 - 0x000007fefef33000 	C:\windows\system32\ole32.dll
0x000007fefd280000 - 0x000007fefd28f000 	C:\windows\system32\profapi.dll

VM Arguments:
jvm_args: -Djava.awt.headless=true -Xmx1024M -Dfile.encoding=GBK -Duser.country=CN -Duser.language=zh -Duser.variant 
java_command: com.android.dx.command.Main --dex --force-jumbo --num-threads=4 --multi-dex --output E:\my\MyApplication2\app_new\build\intermediates\transforms\dex\debug\folders\1000\5\slice_0 E:\my\MyApplication2\app_new\build\intermediates\transforms\instantRunSlicer\debug\folders\1\5\slice_0
java_class_path (initial): D:\Androidss\sdk\sdk\build-tools\24.0.1\lib\dx.jar
Launcher Type: SUN_STANDARD

Environment Variables:
JAVA_HOME=C:\Program Files\Java\jdk1.8.0_92
PATH=C:\Program Files\Java\jdk1.8.0_92\bin;C:\windows\system32;C:\windows;C:\windows\System32\Wbem;C:\windows\System32\WindowsPowerShell\v1.0\;C:\Program Files (x86)\Intel\OpenCL SDK\2.0\bin\x86;C:\Program Files (x86)\Intel\OpenCL SDK\2.0\bin\x64;
USERNAME=Administrator
OS=Windows_NT
PROCESSOR_IDENTIFIER=Intel64 Family 6 Model 42 Stepping 7, GenuineIntel



---------------  S Y S T E M  ---------------

OS: Windows 7 , 64 bit Build 7601 (6.1.7601.19135)

CPU:total 4 (4 cores per cpu, 1 threads per core) family 6 model 42 stepping 7, cmov, cx8, fxsr, mmx, sse, sse2, sse3, ssse3, sse4.1, sse4.2, popcnt, avx, clmul, tsc, tscinvbit

Memory: 4k page, physical 4133888k(597704k free), swap 5180628k(11760k free)

vm_info: Java HotSpot(TM) 64-Bit Server VM (25.92-b14) for windows-amd64 JRE (1.8.0_92-b14), built on Mar 31 2016 21:03:04 by "java_re" with MS VC++ 10.0 (VS2010)

time: Wed Sep 28 10:21:59 2016
elapsed time: 9 seconds (0d 0h 0m 9s)

