#
# There is insufficient memory for the Java Runtime Environment to continue.
# Native memory allocation (malloc) failed to allocate 400176 bytes for Chunk::new
# Possible reasons:
#   The system is out of physical RAM or swap space
#   In 32 bit mode, the process size limit was hit
# Possible solutions:
#   Reduce memory load on the system
#   Increase physical memory or swap space
#   Check if swap backing store is full
#   Use 64 bit Java on a 64 bit OS
#   Decrease Java heap size (-Xmx/-Xms)
#   Decrease number of Java threads
#   Decrease Java thread stack sizes (-Xss)
#   Set larger code cache with -XX:ReservedCodeCacheSize=
# This output file may be truncated or incomplete.
#
#  Out of Memory Error (allocation.cpp:390), pid=14112, tid=0x0000000000000914
#
# JRE version: Java(TM) SE Runtime Environment (8.0_92-b14) (build 1.8.0_92-b14)
# Java VM: Java HotSpot(TM) 64-Bit Server VM (25.92-b14 mixed mode windows-amd64 compressed oops)
# Failed to write core dump. Minidumps are not enabled by default on client versions of Windows
#

---------------  T H R E A D  ---------------

Current thread (0x0000000056574000):  JavaThread "C2 CompilerThread1" daemon [_thread_in_native, id=2324, stack(0x0000000056c20000,0x0000000056d20000)]

Stack: [0x0000000056c20000,0x0000000056d20000]
[error occurred during error reporting (printing stack bounds), id 0xc0000005]

Native frames: (J=compiled Java code, j=interpreted, Vv=VM code, C=native code)


Current CompileTask:
C2:   5000 1450       4       com.android.dx.rop.code.LocalVariableExtractor::processBlock (327 bytes)


---------------  P R O C E S S  ---------------

Java Threads: ( => current thread )
  0x000000000042f000 JavaThread "DestroyJavaVM" [_thread_blocked, id=7772, stack(0x00000000025d0000,0x00000000026d0000)]
  0x00000000565fe000 JavaThread "Service Thread" daemon [_thread_blocked, id=13432, stack(0x00000000571e0000,0x00000000572e0000)]
  0x0000000056575000 JavaThread "C1 CompilerThread2" daemon [_thread_blocked, id=13428, stack(0x0000000056f10000,0x0000000057010000)]
=>0x0000000056574000 JavaThread "C2 CompilerThread1" daemon [_thread_in_native, id=2324, stack(0x0000000056c20000,0x0000000056d20000)]
  0x000000005656b000 JavaThread "C2 CompilerThread0" daemon [_thread_blocked, id=13420, stack(0x0000000056d90000,0x0000000056e90000)]
  0x000000005656a000 JavaThread "Attach Listener" daemon [_thread_blocked, id=13872, stack(0x0000000056ae0000,0x0000000056be0000)]
  0x0000000055079800 JavaThread "Signal Dispatcher" daemon [_thread_blocked, id=13592, stack(0x0000000056990000,0x0000000056a90000)]
  0x0000000055059000 JavaThread "Finalizer" daemon [_thread_blocked, id=13412, stack(0x0000000056460000,0x0000000056560000)]
  0x0000000055012000 JavaThread "Reference Handler" daemon [_thread_blocked, id=12616, stack(0x00000000562e0000,0x00000000563e0000)]

Other Threads:
  0x000000005500a000 VMThread [stack: 0x0000000056150000,0x0000000056250000] [id=12196]
  0x0000000056616000 WatcherThread [stack: 0x0000000057070000,0x0000000057170000] [id=14208]

VM state:not at safepoint (normal execution)

VM Mutex/Monitor currently owned by a thread: None

Heap:
 PSYoungGen      total 35328K, used 8347K [0x00000000eab00000, 0x00000000ed000000, 0x0000000100000000)
  eden space 32768K, 17% used [0x00000000eab00000,0x00000000eb0aefd0,0x00000000ecb00000)
  from space 2560K, 98% used [0x00000000ecd80000,0x00000000ecff8028,0x00000000ed000000)
  to   space 2560K, 0% used [0x00000000ecb00000,0x00000000ecb00000,0x00000000ecd80000)
 ParOldGen       total 44032K, used 14533K [0x00000000c0000000, 0x00000000c2b00000, 0x00000000eab00000)
  object space 44032K, 33% used [0x00000000c0000000,0x00000000c0e31470,0x00000000c2b00000)
 Metaspace       used 7103K, capacity 7640K, committed 7936K, reserved 1056768K
  class space    used 682K, capacity 720K, committed 768K, reserved 1048576K

Card table byte_map: [0x0000000011ba0000,0x0000000011db0000] byte_map_base: 0x00000000115a0000

Marking Bits: (ParMarkBitMap*) 0x000000006c1564f0
 Begin Bits: [0x0000000012480000, 0x0000000013480000)
 End Bits:   [0x0000000013480000, 0x0000000014480000)

Polling page: 0x0000000000170000

CodeCache: size=245760Kb used=6859Kb max_used=6870Kb free=238900Kb
 bounds [0x00000000027e0000, 0x0000000002ea0000, 0x00000000117e0000]
 total_blobs=2058 nmethods=1777 adapters=193
 compilation: enabled

Compilation events (10 events):
Event: 3.698 Thread 0x0000000056575000 nmethod 1476 0x0000000002dca8d0 code [0x0000000002dcaa40, 0x0000000002dcac68]
Event: 3.699 Thread 0x0000000056575000 1477       3       com.android.dx.cf.code.Ropper::addReturnBlock (228 bytes)
Event: 3.700 Thread 0x000000005656b000 nmethod 1446 0x0000000002dcec90 code [0x0000000002dceea0, 0x0000000002dd0180]
Event: 3.700 Thread 0x000000005656b000 1468       4       com.android.dx.ssa.SsaMethod$2::addToUses (48 bytes)
Event: 3.701 Thread 0x0000000056575000 nmethod 1477 0x0000000002dd13d0 code [0x0000000002dd1900, 0x0000000002dd5068]
Event: 3.701 Thread 0x0000000056575000 1481       3       com.android.dx.ssa.back.FirstFitLocalCombiningAllocator::handleCheckCastResults (413 bytes)
Event: 3.704 Thread 0x0000000056575000 nmethod 1481 0x0000000002dd7e50 code [0x0000000002dd8420, 0x0000000002ddc218]
Event: 3.704 Thread 0x0000000056575000 1479       3       com.android.dx.cf.code.Ropper::addSetupBlocks (535 bytes)
Event: 3.711 Thread 0x0000000056575000 

Event: 3.714 Thread 0x000000005656b000 


GC Heap History (8 events):
Event: 1.485 GC heap before
{Heap before GC invocations=1 (full 0):
 PSYoungGen      total 18944K, used 16384K [0x00000000eab00000, 0x00000000ec000000, 0x0000000100000000)
  eden space 16384K, 100% used [0x00000000eab00000,0x00000000ebb00000,0x00000000ebb00000)
  from space 2560K, 0% used [0x00000000ebd80000,0x00000000ebd80000,0x00000000ec000000)
  to   space 2560K, 0% used [0x00000000ebb00000,0x00000000ebb00000,0x00000000ebd80000)
 ParOldGen       total 44032K, used 0K [0x00000000c0000000, 0x00000000c2b00000, 0x00000000eab00000)
  object space 44032K, 0% used [0x00000000c0000000,0x00000000c0000000,0x00000000c2b00000)
 Metaspace       used 5741K, capacity 6708K, committed 6784K, reserved 1056768K
  class space    used 597K, capacity 620K, committed 640K, reserved 1048576K
Event: 1.673 GC heap after
Heap after GC invocations=1 (full 0):
 PSYoungGen      total 18944K, used 2543K [0x00000000eab00000, 0x00000000ed000000, 0x0000000100000000)
  eden space 16384K, 0% used [0x00000000eab00000,0x00000000eab00000,0x00000000ebb00000)
  from space 2560K, 99% used [0x00000000ebb00000,0x00000000ebd7bc88,0x00000000ebd80000)
  to   space 2560K, 0% used [0x00000000ecd80000,0x00000000ecd80000,0x00000000ed000000)
 ParOldGen       total 44032K, used 1527K [0x00000000c0000000, 0x00000000c2b00000, 0x00000000eab00000)
  object space 44032K, 3% used [0x00000000c0000000,0x00000000c017de30,0x00000000c2b00000)
 Metaspace       used 5741K, capacity 6708K, committed 6784K, reserved 1056768K
  class space    used 597K, capacity 620K, committed 640K, reserved 1048576K
}
Event: 2.605 GC heap before
{Heap before GC invocations=2 (full 0):
 PSYoungGen      total 18944K, used 18927K [0x00000000eab00000, 0x00000000ed000000, 0x0000000100000000)
  eden space 16384K, 100% used [0x00000000eab00000,0x00000000ebb00000,0x00000000ebb00000)
  from space 2560K, 99% used [0x00000000ebb00000,0x00000000ebd7bc88,0x00000000ebd80000)
  to   space 2560K, 0% used [0x00000000ecd80000,0x00000000ecd80000,0x00000000ed000000)
 ParOldGen       total 44032K, used 1527K [0x00000000c0000000, 0x00000000c2b00000, 0x00000000eab00000)
  object space 44032K, 3% used [0x00000000c0000000,0x00000000c017de30,0x00000000c2b00000)
 Metaspace       used 6048K, capacity 6964K, committed 7040K, reserved 1056768K
  class space    used 600K, capacity 620K, committed 640K, reserved 1048576K
Event: 2.865 GC heap after
Heap after GC invocations=2 (full 0):
 PSYoungGen      total 35328K, used 2536K [0x00000000eab00000, 0x00000000ed000000, 0x0000000100000000)
  eden space 32768K, 0% used [0x00000000eab00000,0x00000000eab00000,0x00000000ecb00000)
  from space 2560K, 99% used [0x00000000ecd80000,0x00000000ecffa048,0x00000000ed000000)
  to   space 2560K, 0% used [0x00000000ecb00000,0x00000000ecb00000,0x00000000ecd80000)
 ParOldGen       total 44032K, used 3890K [0x00000000c0000000, 0x00000000c2b00000, 0x00000000eab00000)
  object space 44032K, 8% used [0x00000000c0000000,0x00000000c03cc9d8,0x00000000c2b00000)
 Metaspace       used 6048K, capacity 6964K, committed 7040K, reserved 1056768K
  class space    used 600K, capacity 620K, committed 640K, reserved 1048576K
}
Event: 3.830 GC heap before
{Heap before GC invocations=3 (full 0):
 PSYoungGen      total 35328K, used 35304K [0x00000000eab00000, 0x00000000ed000000, 0x0000000100000000)
  eden space 32768K, 100% used [0x00000000eab00000,0x00000000ecb00000,0x00000000ecb00000)
  from space 2560K, 99% used [0x00000000ecd80000,0x00000000ecffa048,0x00000000ed000000)
  to   space 2560K, 0% used [0x00000000ecb00000,0x00000000ecb00000,0x00000000ecd80000)
 ParOldGen       total 44032K, used 3890K [0x00000000c0000000, 0x00000000c2b00000, 0x00000000eab00000)
  object space 44032K, 8% used [0x00000000c0000000,0x00000000c03cc9d8,0x00000000c2b00000)
 Metaspace       used 6181K, capacity 7028K, committed 7296K, reserved 1056768K
  class space    used 602K, capacity 620K, committed 640K, reserved 1048576K
Event: 3.899 GC heap after
Heap after GC invocations=3 (full 0):
 PSYoungGen      total 35328K, used 2528K [0x00000000eab00000, 0x00000000ed000000, 0x0000000100000000)
  eden space 32768K, 0% used [0x00000000eab00000,0x00000000eab00000,0x00000000ecb00000)
  from space 2560K, 98% used [0x00000000ecb00000,0x00000000ecd78028,0x00000000ecd80000)
  to   space 2560K, 0% used [0x00000000ecd80000,0x00000000ecd80000,0x00000000ed000000)
 ParOldGen       total 44032K, used 9303K [0x00000000c0000000, 0x00000000c2b00000, 0x00000000eab00000)
  object space 44032K, 21% used [0x00000000c0000000,0x00000000c0915ef0,0x00000000c2b00000)
 Metaspace       used 6181K, capacity 7028K, committed 7296K, reserved 1056768K
  class space    used 602K, capacity 620K, committed 640K, reserved 1048576K
}
Event: 4.122 GC heap before
{Heap before GC invocations=4 (full 0):
 PSYoungGen      total 35328K, used 35296K [0x00000000eab00000, 0x00000000ed000000, 0x0000000100000000)
  eden space 32768K, 100% used [0x00000000eab00000,0x00000000ecb00000,0x00000000ecb00000)
  from space 2560K, 98% used [0x00000000ecb00000,0x00000000ecd78028,0x00000000ecd80000)
  to   space 2560K, 0% used [0x00000000ecd80000,0x00000000ecd80000,0x00000000ed000000)
 ParOldGen       total 44032K, used 9303K [0x00000000c0000000, 0x00000000c2b00000, 0x00000000eab00000)
  object space 44032K, 21% used [0x00000000c0000000,0x00000000c0915ef0,0x00000000c2b00000)
 Metaspace       used 6279K, capacity 7096K, committed 7296K, reserved 1056768K
  class space    used 610K, capacity 624K, committed 640K, reserved 1048576K
Event: 4.132 GC heap after
Heap after GC invocations=4 (full 0):
 PSYoungGen      total 35328K, used 2528K [0x00000000eab00000, 0x00000000ed000000, 0x0000000100000000)
  eden space 32768K, 0% used [0x00000000eab00000,0x00000000eab00000,0x00000000ecb00000)
  from space 2560K, 98% used [0x00000000ecd80000,0x00000000ecff8028,0x00000000ed000000)
  to   space 2560K, 0% used [0x00000000ecb00000,0x00000000ecb00000,0x00000000ecd80000)
 ParOldGen       total 44032K, used 14533K [0x00000000c0000000, 0x00000000c2b00000, 0x00000000eab00000)
  object space 44032K, 33% used [0x00000000c0000000,0x00000000c0e31470,0x00000000c2b00000)
 Metaspace       used 6279K, capacity 7096K, committed 7296K, reserved 1056768K
  class space    used 610K, capacity 624K, committed 640K, reserved 1048576K
}

Deoptimization events (10 events):
Event: 4.013 Thread 0x000000000042f000 Uncommon trap: reason=bimorphic action=maybe_recompile pc=0x0000000002b72bc0 method=java.util.HashMap.getNode(ILjava/lang/Object;)Ljava/util/HashMap$Node; @ 126
Event: 4.014 Thread 0x000000000042f000 Uncommon trap: reason=bimorphic action=maybe_recompile pc=0x0000000002b72bc0 method=java.util.HashMap.getNode(ILjava/lang/Object;)Ljava/util/HashMap$Node; @ 126
Event: 4.014 Thread 0x000000000042f000 Uncommon trap: reason=bimorphic action=maybe_recompile pc=0x0000000002b72bc0 method=java.util.HashMap.getNode(ILjava/lang/Object;)Ljava/util/HashMap$Node; @ 126
Event: 4.014 Thread 0x000000000042f000 Uncommon trap: reason=bimorphic action=maybe_recompile pc=0x0000000002cee658 method=java.util.HashMap.putVal(ILjava/lang/Object;Ljava/lang/Object;ZZ)Ljava/lang/Object; @ 91
Event: 4.014 Thread 0x000000000042f000 Uncommon trap: reason=bimorphic action=maybe_recompile pc=0x0000000002cd5da8 method=java.util.HashMap.putVal(ILjava/lang/Object;Ljava/lang/Object;ZZ)Ljava/lang/Object; @ 91
Event: 4.014 Thread 0x000000000042f000 Uncommon trap: reason=bimorphic action=maybe_recompile pc=0x0000000002b0d5f8 method=java.util.HashMap.getNode(ILjava/lang/Object;)Ljava/util/HashMap$Node; @ 126
Event: 4.140 Thread 0x000000000042f000 Uncommon trap: reason=speculate_class_check action=maybe_recompile pc=0x0000000002b208ec method=com.android.dx.util.FixedSizeList.equals(Ljava/lang/Object;)Z @ 25
Event: 4.140 Thread 0x000000000042f000 Uncommon trap: reason=speculate_class_check action=maybe_recompile pc=0x0000000002b208ec method=com.android.dx.util.FixedSizeList.equals(Ljava/lang/Object;)Z @ 25
Event: 4.140 Thread 0x000000000042f000 Uncommon trap: reason=speculate_class_check action=maybe_recompile pc=0x0000000002b208ec method=com.android.dx.util.FixedSizeList.equals(Ljava/lang/Object;)Z @ 25
Event: 4.140 Thread 0x000000000042f000 Uncommon trap: reason=speculate_class_check action=maybe_recompile pc=0x0000000002b208ec method=com.android.dx.util.FixedSizeList.equals(Ljava/lang/Object;)Z @ 25

Internal exceptions (5 events):
Event: 0.050 Thread 0x000000000042f000 Exception <a 'java/lang/NoSuchMethodError': Method sun.misc.Unsafe.defineClass(Ljava/lang/String;[BII)Ljava/lang/Class; name or signature does not match> (0x00000000eab07cc0) thrown at [D:\re\workspace\8-2-build-windows-amd64-cygwin\jdk8u92\6642\hotspot\sr»ÔË⁄o©?
Event: 0.050 Thread 0x000000000042f000 Exception <a 'java/lang/NoSuchMethodError': Method sun.misc.Unsafe.prefetchRead(Ljava/lang/Object;J)V name or signature does not match> (0x00000000eab07fa8) thrown at [D:\re\workspace\8-2-build-windows-amd64-cygwin\jdk8u92\6642\hotspot\src\share\vm\prims\já‡¬üù√˜?
Event: 1.485 Thread 0x000000005682d000 Implicit null exception at 0x0000000002aed569 to 0x0000000002aeec75
Event: 2.292 Thread 0x00000000568a9800 Implicit null exception at 0x0000000002b42592 to 0x0000000002b42682
Event: 3.359 Thread 0x00000000568b2000 Implicit null exception at 0x0000000002d15fc7 to 0x0000000002d17ced

Events (10 events):
Event: 4.140 Thread 0x000000000042f000 DEOPT UNPACKING pc=0x000000000282582a sp=0x00000000026ced60 mode 2
Event: 4.140 loading class com/android/dx/dex/code/CatchTable$Entry
Event: 4.140 loading class com/android/dx/dex/code/CatchTable$Entry done
Event: 4.140 Thread 0x000000000042f000 Uncommon trap: trap_request=0xffffff76 fr.pc=0x0000000002b208ec
Event: 4.140 Thread 0x000000000042f000 DEOPT PACKING pc=0x0000000002b208ec sp=0x00000000026ceda0
Event: 4.140 Thread 0x000000000042f000 DEOPT UNPACKING pc=0x000000000282582a sp=0x00000000026ced60 mode 2
Event: 4.140 loading class com/android/dx/util/ByteArrayAnnotatedOutput
Event: 4.140 loading class com/android/dx/util/ByteArrayAnnotatedOutput done
Event: 4.200 loading class com/android/dx/rop/code/RegisterSpecList$Expander
Event: 4.200 loading class com/android/dx/rop/code/RegisterSpecList$Expander done


Dynamic libraries:
0x000000013f620000 - 0x000000013f657000 	C:\Program Files\Java\jdk1.8.0_92\bin\java.exe
0x0000000076fa0000 - 0x000000007714a000 	C:\windows\SYSTEM32\ntdll.dll
0x0000000076c40000 - 0x0000000076d5f000 	C:\windows\system32\kernel32.dll
0x000007fefce70000 - 0x000007fefcedb000 	C:\windows\system32\KERNELBASE.dll
0x000007feff140000 - 0x000007feff21b000 	C:\windows\system32\ADVAPI32.dll
0x000007fefd430000 - 0x000007fefd4cf000 	C:\windows\system32\msvcrt.dll
0x000007fefe220000 - 0x000007fefe23f000 	C:\windows\SYSTEM32\sechost.dll
0x000007fefd4d0000 - 0x000007fefd5fd000 	C:\windows\system32\RPCRT4.dll
0x0000000076ea0000 - 0x0000000076f9a000 	C:\windows\system32\USER32.dll
0x000007fefe1b0000 - 0x000007fefe217000 	C:\windows\system32\GDI32.dll
0x000007fefd700000 - 0x000007fefd70e000 	C:\windows\system32\LPK.dll
0x000007fefd2b0000 - 0x000007fefd37a000 	C:\windows\system32\USP10.dll
0x000007fefb480000 - 0x000007fefb674000 	C:\windows\WinSxS\amd64_microsoft.windows.common-controls_6595b64144ccf1df_6.0.7601.18837_none_fa3b1e3d17594757\COMCTL32.dll
0x000007fefd380000 - 0x000007fefd3f1000 	C:\windows\system32\SHLWAPI.dll
0x000007fefd400000 - 0x000007fefd42e000 	C:\windows\system32\IMM32.DLL
0x000007fefd990000 - 0x000007fefda99000 	C:\windows\system32\MSCTF.dll
0x000000006c290000 - 0x000000006c362000 	C:\Program Files\Java\jdk1.8.0_92\jre\bin\msvcr100.dll
0x000000006b940000 - 0x000000006c1d6000 	C:\Program Files\Java\jdk1.8.0_92\jre\bin\server\jvm.dll
0x000007fef8ff0000 - 0x000007fef8ff9000 	C:\windows\system32\WSOCK32.dll
0x000007fefdc30000 - 0x000007fefdc7d000 	C:\windows\system32\WS2_32.dll
0x000007feff2a0000 - 0x000007feff2a8000 	C:\windows\system32\NSI.dll
0x000007fefcd20000 - 0x000007fefcd5b000 	C:\windows\system32\WINMM.dll
0x000007fefbdd0000 - 0x000007fefbddc000 	C:\windows\system32\VERSION.dll
0x0000000077160000 - 0x0000000077167000 	C:\windows\system32\PSAPI.DLL
0x0000000073e80000 - 0x0000000073e8f000 	C:\Program Files\Java\jdk1.8.0_92\jre\bin\verify.dll
0x0000000073120000 - 0x0000000073149000 	C:\Program Files\Java\jdk1.8.0_92\jre\bin\java.dll
0x00000000731d0000 - 0x00000000731e6000 	C:\Program Files\Java\jdk1.8.0_92\jre\bin\zip.dll
0x000007fefe3b0000 - 0x000007feff139000 	C:\windows\system32\SHELL32.dll
0x000007fefdfa0000 - 0x000007fefe1a3000 	C:\windows\system32\ole32.dll
0x000007fefcc70000 - 0x000007fefcc7f000 	C:\windows\system32\profapi.dll

VM Arguments:
jvm_args: -Djava.awt.headless=true -Xmx1024M -Dfile.encoding=GBK -Duser.country=CN -Duser.language=zh -Duser.variant 
java_command: com.android.dx.command.Main --dex --num-threads=4 --output E:\my\MyApplication2\app_new\build\intermediates\pre-dexed\debug\gson-2.2.4_1b6b6210f1d593dfce888d7d225a3272db9dd579.jar E:\my\MyApplication2\app_new\libs\gson-2.2.4.jar
java_class_path (initial): D:\Androidss\sdk\sdk\build-tools\24.0.1\lib\dx.jar
Launcher Type: SUN_STANDARD

Environment Variables:
JAVA_HOME=C:\Program Files\Java\jdk1.8.0_92
PATH=C:\Program Files\Java\jdk1.8.0_92\bin;C:\windows\system32;C:\windows;C:\windows\System32\Wbem;C:\windows\System32\WindowsPowerShell\v1.0\;C:\Program Files (x86)\Intel\OpenCL SDK\2.0\bin\x86;C:\Program Files (x86)\Intel\OpenCL SDK\2.0\bin\x64;
USERNAME=Administrator
OS=Windows_NT
PROCESSOR_IDENTIFIER=Intel64 Family 6 Model 42 Stepping 7, GenuineIntel



---------------  S Y S T E M  ---------------

OS: Windows 7 , 64 bit Build 7601 (6.1.7601.19135)

CPU:total 4 (4 cores per cpu, 1 threads per core) family 6 model 42 stepping 7, cmov, cx8, fxsr, mmx, sse, sse2, sse3, ssse3, sse4.1, sse4.2, popcnt, avx, clmul, tsc, tscinvbit

Memory: 4k page, physical 4133888k(620388k free), swap 5180628k(34416k free)

vm_info: Java HotSpot(TM) 64-Bit Server VM (25.92-b14) for windows-amd64 JRE (1.8.0_92-b14), built on Mar 31 2016 21:03:04 by "java_re" with MS VC++ 10.0 (VS2010)

time: Thu Sep 29 17:01:36 2016
elapsed time: 5 seconds (0d 0h 0m 5s)

