#
# There is insufficient memory for the Java Runtime Environment to continue.
# Native memory allocation (malloc) failed to allocate 223456 bytes for Chunk::new
# Possible reasons:
#   The system is out of physical RAM or swap space
#   In 32 bit mode, the process size limit was hit
# Possible solutions:
#   Reduce memory load on the system
#   Increase physical memory or swap space
#   Check if swap backing store is full
#   Use 64 bit Java on a 64 bit OS
#   Decrease Java heap size (-Xmx/-Xms)
#   Decrease number of Java threads
#   Decrease Java thread stack sizes (-Xss)
#   Set larger code cache with -XX:ReservedCodeCacheSize=
# This output file may be truncated or incomplete.
#
#  Out of Memory Error (allocation.cpp:390), pid=14076, tid=0x0000000000003594
#
# JRE version: Java(TM) SE Runtime Environment (8.0_92-b14) (build 1.8.0_92-b14)
# Java VM: Java HotSpot(TM) 64-Bit Server VM (25.92-b14 mixed mode windows-amd64 compressed oops)
# Failed to write core dump. Minidumps are not enabled by default on client versions of Windows
#

---------------  T H R E A D  ---------------

Current thread (0x00000000565c8800):  JavaThread "C2 CompilerThread0" daemon [_thread_in_native, id=13716, stack(0x0000000056da0000,0x0000000056ea0000)]

Stack: [0x0000000056da0000,0x0000000056ea0000]
[error occurred during error reporting (printing stack bounds), id 0xc0000005]

Native frames: (J=compiled Java code, j=interpreted, Vv=VM code, C=native code)


Current CompileTask:
C2:   1084  758       4       com.android.dx.ssa.SsaBasicBlock::forEachInsn (37 bytes)


---------------  P R O C E S S  ---------------

Java Threads: ( => current thread )
  0x00000000568a6800 JavaThread "pool-1-thread-4" [_thread_in_Java, id=14232, stack(0x0000000057890000,0x0000000057990000)]
  0x00000000568a4000 JavaThread "pool-1-thread-3" [_thread_blocked, id=13504, stack(0x0000000057990000,0x0000000057a90000)]
  0x000000005685a800 JavaThread "pool-1-thread-2" [_thread_in_Java, id=13692, stack(0x00000000576c0000,0x00000000577c0000)]
  0x000000005682a800 JavaThread "pool-2-thread-1" [_thread_blocked, id=13984, stack(0x00000000572f0000,0x00000000573f0000)]
  0x0000000056829800 JavaThread "pool-1-thread-1" [_thread_in_Java, id=13500, stack(0x0000000056ec0000,0x0000000056fc0000)]
  0x0000000056628800 JavaThread "Service Thread" daemon [_thread_blocked, id=14328, stack(0x00000000573f0000,0x00000000574f0000)]
  0x0000000056623000 JavaThread "C1 CompilerThread2" daemon [_thread_in_native, id=14252, stack(0x00000000571d0000,0x00000000572d0000)]
  0x0000000056622800 JavaThread "C2 CompilerThread1" daemon [_thread_in_native, id=14248, stack(0x0000000056fd0000,0x00000000570d0000)]
=>0x00000000565c8800 JavaThread "C2 CompilerThread0" daemon [_thread_in_native, id=13716, stack(0x0000000056da0000,0x0000000056ea0000)]
  0x00000000565bd000 JavaThread "Attach Listener" daemon [_thread_blocked, id=14200, stack(0x0000000056c70000,0x0000000056d70000)]
  0x00000000565bc800 JavaThread "Signal Dispatcher" daemon [_thread_blocked, id=14192, stack(0x0000000056ab0000,0x0000000056bb0000)]
  0x0000000055109000 JavaThread "Finalizer" daemon [_thread_blocked, id=14272, stack(0x0000000056170000,0x0000000056270000)]
  0x00000000550c2000 JavaThread "Reference Handler" daemon [_thread_blocked, id=11520, stack(0x00000000564b0000,0x00000000565b0000)]
  0x000000000247f000 JavaThread "main" [_thread_blocked, id=13896, stack(0x0000000002860000,0x0000000002960000)]

Other Threads:
  0x00000000550ba800 VMThread [stack: 0x00000000562e0000,0x00000000563e0000] [id=13752]
  0x0000000056681000 WatcherThread [stack: 0x0000000057500000,0x0000000057600000] [id=13952]

VM state:not at safepoint (normal execution)

VM Mutex/Monitor currently owned by a thread: None

Heap:
 PSYoungGen      total 18944K, used 16390K [0x00000000eab00000, 0x00000000ec000000, 0x0000000100000000)
  eden space 16384K, 84% used [0x00000000eab00000,0x00000000eb887b10,0x00000000ebb00000)
  from space 2560K, 99% used [0x00000000ebb00000,0x00000000ebd7a038,0x00000000ebd80000)
  to   space 2560K, 0% used [0x00000000ebd80000,0x00000000ebd80000,0x00000000ec000000)
 ParOldGen       total 44032K, used 1661K [0x00000000c0000000, 0x00000000c2b00000, 0x00000000eab00000)
  object space 44032K, 3% used [0x00000000c0000000,0x00000000c019f618,0x00000000c2b00000)
 Metaspace       used 5835K, capacity 6772K, committed 7040K, reserved 1056768K
  class space    used 602K, capacity 620K, committed 640K, reserved 1048576K

Card table byte_map: [0x0000000011d20000,0x0000000011f30000] byte_map_base: 0x0000000011720000

Marking Bits: (ParMarkBitMap*) 0x000000006c1564f0
 Begin Bits: [0x0000000012530000, 0x0000000013530000)
 End Bits:   [0x0000000013530000, 0x0000000014530000)

Polling page: 0x0000000001c90000

CodeCache: size=245760Kb used=3034Kb max_used=3034Kb free=242726Kb
 bounds [0x0000000002960000, 0x0000000002c60000, 0x0000000011960000]
 total_blobs=1040 nmethods=771 adapters=182
 compilation: enabled

Compilation events (10 events):
Event: 0.953 Thread 0x0000000056623000 nmethod 766 0x0000000002c44410 code [0x0000000002c44560, 0x0000000002c44710]
Event: 0.953 Thread 0x0000000056623000  731       3       com.android.dx.util.BitIntSet$1::<init> (25 bytes)
Event: 0.953 Thread 0x0000000056623000 nmethod 731 0x0000000002c447d0 code [0x0000000002c44940, 0x0000000002c44b68]
Event: 0.953 Thread 0x0000000056623000  750       3       com.android.dx.ssa.DomFront$DomInfo::<init> (10 bytes)
Event: 0.953 Thread 0x0000000056623000 nmethod 750 0x0000000002c44c50 code [0x0000000002c44da0, 0x0000000002c44f50]
Event: 0.953 Thread 0x0000000056623000  751       3       com.android.dx.ssa.Dominators$DfsWalker::visitBlock (59 bytes)
Event: 0.954 Thread 0x0000000056623000 nmethod 751 0x0000000002c45010 code [0x0000000002c45200, 0x0000000002c45d08]
Event: 0.954 Thread 0x0000000056623000  770       3       com.android.dx.ssa.SsaMethod::deleteInsns (239 bytes)
Event: 0.989 Thread 0x0000000056623000 nmethod 770 0x0000000002c46410 code [0x0000000002c46820, 0x0000000002c48c78]
Event: 0.989 Thread 0x0000000056623000  771   !   3       com.android.dx.rop.type.Type::intern (319 bytes)

GC Heap History (2 events):
Event: 0.956 GC heap before
{Heap before GC invocations=1 (full 0):
 PSYoungGen      total 18944K, used 16384K [0x00000000eab00000, 0x00000000ec000000, 0x0000000100000000)
  eden space 16384K, 100% used [0x00000000eab00000,0x00000000ebb00000,0x00000000ebb00000)
  from space 2560K, 0% used [0x00000000ebd80000,0x00000000ebd80000,0x00000000ec000000)
  to   space 2560K, 0% used [0x00000000ebb00000,0x00000000ebb00000,0x00000000ebd80000)
 ParOldGen       total 44032K, used 0K [0x00000000c0000000, 0x00000000c2b00000, 0x00000000eab00000)
  object space 44032K, 0% used [0x00000000c0000000,0x00000000c0000000,0x00000000c2b00000)
 Metaspace       used 5745K, capacity 6708K, committed 6784K, reserved 1056768K
  class space    used 600K, capacity 620K, committed 640K, reserved 1048576K
Event: 0.983 GC heap after
Heap after GC invocations=1 (full 0):
 PSYoungGen      total 18944K, used 2536K [0x00000000eab00000, 0x00000000ec000000, 0x0000000100000000)
  eden space 16384K, 0% used [0x00000000eab00000,0x00000000eab00000,0x00000000ebb00000)
  from space 2560K, 99% used [0x00000000ebb00000,0x00000000ebd7a038,0x00000000ebd80000)
  to   space 2560K, 0% used [0x00000000ebd80000,0x00000000ebd80000,0x00000000ec000000)
 ParOldGen       total 44032K, used 1661K [0x00000000c0000000, 0x00000000c2b00000, 0x00000000eab00000)
  object space 44032K, 3% used [0x00000000c0000000,0x00000000c019f618,0x00000000c2b00000)
 Metaspace       used 5745K, capacity 6708K, committed 6784K, reserved 1056768K
  class space    used 600K, capacity 620K, committed 640K, reserved 1048576K
}

Deoptimization events (10 events):
Event: 0.897 Thread 0x000000005685a800 Uncommon trap: reason=class_check action=maybe_recompile pc=0x0000000002b791a0 method=com.android.dx.ssa.NormalSsaInsn.accept(Lcom/android/dx/ssa/SsaInsn$Visitor;)V @ 9
Event: 0.897 Thread 0x000000005685a800 Uncommon trap: reason=class_check action=maybe_recompile pc=0x0000000002b791a0 method=com.android.dx.ssa.NormalSsaInsn.accept(Lcom/android/dx/ssa/SsaInsn$Visitor;)V @ 9
Event: 0.897 Thread 0x000000005685a800 Uncommon trap: reason=class_check action=maybe_recompile pc=0x0000000002b791a0 method=com.android.dx.ssa.NormalSsaInsn.accept(Lcom/android/dx/ssa/SsaInsn$Visitor;)V @ 9
Event: 0.920 Thread 0x00000000568a4000 Uncommon trap: reason=unstable_if action=reinterpret pc=0x0000000002b724cc method=java.util.HashMap.getNode(ILjava/lang/Object;)Ljava/util/HashMap$Node; @ 129
Event: 0.920 Thread 0x00000000568a4000 Uncommon trap: reason=unstable_if action=reinterpret pc=0x0000000002bf2964 method=java.util.HashMap.putVal(ILjava/lang/Object;Ljava/lang/Object;ZZ)Ljava/lang/Object; @ 193
Event: 0.920 Thread 0x00000000568a4000 Uncommon trap: reason=unstable_if action=reinterpret pc=0x0000000002b765a8 method=java.util.HashMap.getNode(ILjava/lang/Object;)Ljava/util/HashMap$Node; @ 129
Event: 0.920 Thread 0x0000000056829800 Uncommon trap: reason=unstable_if action=reinterpret pc=0x0000000002b795a4 method=java.util.BitSet.ensureCapacity(I)V @ 6
Event: 0.939 Thread 0x000000000247f000 Uncommon trap: reason=class_check action=maybe_recompile pc=0x0000000002be4210 method=com.android.dx.rop.type.Type.equals(Ljava/lang/Object;)Z @ 8
Event: 0.939 Thread 0x000000000247f000 Uncommon trap: reason=unstable_if action=reinterpret pc=0x0000000002be41f4 method=com.android.dx.rop.code.RegisterSpec.equals(ILcom/android/dx/rop/type/TypeBearer;Lcom/android/dx/rop/code/LocalItem;)Z @ 16
Event: 0.945 Thread 0x000000000247f000 Uncommon trap: reason=null_check action=make_not_entrant pc=0x0000000002beb240 method=com.android.dx.ssa.SsaRenamer.getLocalForNewReg(I)Lcom/android/dx/rop/code/LocalItem; @ 19

Internal exceptions (3 events):
Event: 0.078 Thread 0x000000000247f000 Exception <a 'java/lang/NoSuchMethodError': Method sun.misc.Unsafe.defineClass(Ljava/lang/String;[BII)Ljava/lang/Class; name or signature does not match> (0x00000000eab07cc0) thrown at [D:\re\workspace\8-2-build-windows-amd64-cygwin\jdk8u92\6642\hotspot\sr»(ÑÑπÁ≥?
Event: 0.078 Thread 0x000000000247f000 Exception <a 'java/lang/NoSuchMethodError': Method sun.misc.Unsafe.prefetchRead(Ljava/lang/Object;J)V name or signature does not match> (0x00000000eab07fa8) thrown at [D:\re\workspace\8-2-build-windows-amd64-cygwin\jdk8u92\6642\hotspot\src\share\vm\prims\jDès^4?Ó?
Event: 0.945 Thread 0x000000000247f000 Implicit null exception at 0x0000000002be9bba to 0x0000000002beb1f5

Events (10 events):
Event: 0.939 Thread 0x000000000247f000 DEOPT UNPACKING pc=0x00000000029a582a sp=0x000000000295db08 mode 2
Event: 0.939 loading class java/util/HashMap$Values
Event: 0.939 loading class java/util/HashMap$Values done
Event: 0.939 loading class java/util/HashMap$ValueIterator
Event: 0.939 loading class java/util/HashMap$ValueIterator done
Event: 0.945 Thread 0x000000000247f000 Uncommon trap: trap_request=0xfffffff4 fr.pc=0x0000000002beb240
Event: 0.945 Thread 0x000000000247f000 DEOPT PACKING pc=0x0000000002beb240 sp=0x000000000295e640
Event: 0.945 Thread 0x000000000247f000 DEOPT UNPACKING pc=0x00000000029a582a sp=0x000000000295e4b8 mode 2
Event: 0.956 Executing VM operation: ParallelGCFailedAllocation
Event: 0.983 Executing VM operation: ParallelGCFailedAllocation done


Dynamic libraries:
0x000000013f620000 - 0x000000013f657000 	C:\Program Files\Java\jdk1.8.0_92\bin\java.exe
0x0000000076fa0000 - 0x000000007714a000 	C:\windows\SYSTEM32\ntdll.dll
0x0000000076c40000 - 0x0000000076d5f000 	C:\windows\system32\kernel32.dll
0x000007fefce70000 - 0x000007fefcedb000 	C:\windows\system32\KERNELBASE.dll
0x000007feff140000 - 0x000007feff21b000 	C:\windows\system32\ADVAPI32.dll
0x000007fefd430000 - 0x000007fefd4cf000 	C:\windows\system32\msvcrt.dll
0x000007fefe220000 - 0x000007fefe23f000 	C:\windows\SYSTEM32\sechost.dll
0x000007fefd4d0000 - 0x000007fefd5fd000 	C:\windows\system32\RPCRT4.dll
0x0000000076ea0000 - 0x0000000076f9a000 	C:\windows\system32\USER32.dll
0x000007fefe1b0000 - 0x000007fefe217000 	C:\windows\system32\GDI32.dll
0x000007fefd700000 - 0x000007fefd70e000 	C:\windows\system32\LPK.dll
0x000007fefd2b0000 - 0x000007fefd37a000 	C:\windows\system32\USP10.dll
0x000007fefb480000 - 0x000007fefb674000 	C:\windows\WinSxS\amd64_microsoft.windows.common-controls_6595b64144ccf1df_6.0.7601.18837_none_fa3b1e3d17594757\COMCTL32.dll
0x000007fefd380000 - 0x000007fefd3f1000 	C:\windows\system32\SHLWAPI.dll
0x000007fefd400000 - 0x000007fefd42e000 	C:\windows\system32\IMM32.DLL
0x000007fefd990000 - 0x000007fefda99000 	C:\windows\system32\MSCTF.dll
0x000000006c290000 - 0x000000006c362000 	C:\Program Files\Java\jdk1.8.0_92\jre\bin\msvcr100.dll
0x000000006b940000 - 0x000000006c1d6000 	C:\Program Files\Java\jdk1.8.0_92\jre\bin\server\jvm.dll
0x000007fef8ff0000 - 0x000007fef8ff9000 	C:\windows\system32\WSOCK32.dll
0x000007fefdc30000 - 0x000007fefdc7d000 	C:\windows\system32\WS2_32.dll
0x000007feff2a0000 - 0x000007feff2a8000 	C:\windows\system32\NSI.dll
0x000007fefcd20000 - 0x000007fefcd5b000 	C:\windows\system32\WINMM.dll
0x000007fefbdd0000 - 0x000007fefbddc000 	C:\windows\system32\VERSION.dll
0x0000000077160000 - 0x0000000077167000 	C:\windows\system32\PSAPI.DLL
0x0000000073e80000 - 0x0000000073e8f000 	C:\Program Files\Java\jdk1.8.0_92\jre\bin\verify.dll
0x0000000073120000 - 0x0000000073149000 	C:\Program Files\Java\jdk1.8.0_92\jre\bin\java.dll
0x00000000731d0000 - 0x00000000731e6000 	C:\Program Files\Java\jdk1.8.0_92\jre\bin\zip.dll
0x000007fefe3b0000 - 0x000007feff139000 	C:\windows\system32\SHELL32.dll
0x000007fefdfa0000 - 0x000007fefe1a3000 	C:\windows\system32\ole32.dll
0x000007fefcc70000 - 0x000007fefcc7f000 	C:\windows\system32\profapi.dll

VM Arguments:
jvm_args: -Djava.awt.headless=true -Xmx1024M -Dfile.encoding=GBK -Duser.country=CN -Duser.language=zh -Duser.variant 
java_command: com.android.dx.command.Main --dex --num-threads=4 --output E:\my\MyApplication2\app_new\build\intermediates\pre-dexed\debug\com.android.support-recyclerview-v7-24.1.1_151124ec1056d4e29568118a032a2beafabbed22.jar E:\my\MyApplication2\app_new\build\intermediates\exploded-aar\com.android.support\recyclerview-v7\24.1.1\jars\classes.jar
java_class_path (initial): D:\Androidss\sdk\sdk\build-tools\24.0.1\lib\dx.jar
Launcher Type: SUN_STANDARD

Environment Variables:
JAVA_HOME=C:\Program Files\Java\jdk1.8.0_92
PATH=C:\Program Files\Java\jdk1.8.0_92\bin;C:\windows\system32;C:\windows;C:\windows\System32\Wbem;C:\windows\System32\WindowsPowerShell\v1.0\;C:\Program Files (x86)\Intel\OpenCL SDK\2.0\bin\x86;C:\Program Files (x86)\Intel\OpenCL SDK\2.0\bin\x64;
USERNAME=Administrator
OS=Windows_NT
PROCESSOR_IDENTIFIER=Intel64 Family 6 Model 42 Stepping 7, GenuineIntel



---------------  S Y S T E M  ---------------

OS: Windows 7 , 64 bit Build 7601 (6.1.7601.19135)

CPU:total 4 (4 cores per cpu, 1 threads per core) family 6 model 42 stepping 7, cmov, cx8, fxsr, mmx, sse, sse2, sse3, ssse3, sse4.1, sse4.2, popcnt, avx, clmul, tsc, tscinvbit

Memory: 4k page, physical 4133888k(705908k free), swap 5180628k(156512k free)

vm_info: Java HotSpot(TM) 64-Bit Server VM (25.92-b14) for windows-amd64 JRE (1.8.0_92-b14), built on Mar 31 2016 21:03:04 by "java_re" with MS VC++ 10.0 (VS2010)

time: Thu Sep 29 17:01:49 2016
elapsed time: 1 seconds (0d 0h 0m 1s)

