#
# There is insufficient memory for the Java Runtime Environment to continue.
# Native memory allocation (malloc) failed to allocate 1209168 bytes for Chunk::new
# Possible reasons:
#   The system is out of physical RAM or swap space
#   In 32 bit mode, the process size limit was hit
# Possible solutions:
#   Reduce memory load on the system
#   Increase physical memory or swap space
#   Check if swap backing store is full
#   Use 64 bit Java on a 64 bit OS
#   Decrease Java heap size (-Xmx/-Xms)
#   Decrease number of Java threads
#   Decrease Java thread stack sizes (-Xss)
#   Set larger code cache with -XX:ReservedCodeCacheSize=
# This output file may be truncated or incomplete.
#
#  Out of Memory Error (allocation.cpp:390), pid=14320, tid=0x000000000000340c
#
# JRE version: Java(TM) SE Runtime Environment (8.0_92-b14) (build 1.8.0_92-b14)
# Java VM: Java HotSpot(TM) 64-Bit Server VM (25.92-b14 mixed mode windows-amd64 compressed oops)
# Failed to write core dump. Minidumps are not enabled by default on client versions of Windows
#

---------------  T H R E A D  ---------------

Current thread (0x000000005650b000):  JavaThread "C2 CompilerThread0" daemon [_thread_in_native, id=13324, stack(0x0000000056db0000,0x0000000056eb0000)]

Stack: [0x0000000056db0000,0x0000000056eb0000]
[error occurred during error reporting (printing stack bounds), id 0xc0000005]

Native frames: (J=compiled Java code, j=interpreted, Vv=VM code, C=native code)


Current CompileTask:
C2:   5066 1836   !   4       com.android.dx.cf.code.Ropper::processBlock (1101 bytes)


---------------  P R O C E S S  ---------------

Java Threads: ( => current thread )
  0x00000000572f3800 JavaThread "pool-1-thread-4" [_thread_blocked, id=13876, stack(0x0000000058200000,0x0000000058300000)]
  0x00000000572f4800 JavaThread "pool-1-thread-3" [_thread_blocked, id=14124, stack(0x0000000057fb0000,0x00000000580b0000)]
  0x00000000572f1000 JavaThread "pool-1-thread-2" [_thread_blocked, id=12816, stack(0x0000000057ae0000,0x0000000057be0000)]
  0x00000000572f0800 JavaThread "pool-2-thread-1" [_thread_blocked, id=14120, stack(0x0000000057dc0000,0x0000000057ec0000)]
  0x0000000056802000 JavaThread "pool-1-thread-1" [_thread_blocked, id=8440, stack(0x0000000057c30000,0x0000000057d30000)]
  0x0000000056573800 JavaThread "Service Thread" daemon [_thread_blocked, id=13512, stack(0x0000000056ca0000,0x0000000056da0000)]
  0x0000000056570800 JavaThread "C1 CompilerThread2" daemon [_thread_blocked, id=12352, stack(0x00000000570b0000,0x00000000571b0000)]
  0x0000000056517000 JavaThread "C2 CompilerThread1" daemon [_thread_blocked, id=13328, stack(0x0000000056f10000,0x0000000057010000)]
=>0x000000005650b000 JavaThread "C2 CompilerThread0" daemon [_thread_in_native, id=13324, stack(0x0000000056db0000,0x0000000056eb0000)]
  0x0000000056509800 JavaThread "Attach Listener" daemon [_thread_blocked, id=13344, stack(0x0000000056b80000,0x0000000056c80000)]
  0x0000000056508800 JavaThread "Signal Dispatcher" daemon [_thread_blocked, id=13436, stack(0x00000000569e0000,0x0000000056ae0000)]
  0x000000005510b000 JavaThread "Finalizer" daemon [_thread_blocked, id=12772, stack(0x0000000056400000,0x0000000056500000)]
  0x00000000550c2000 JavaThread "Reference Handler" daemon [_thread_blocked, id=12364, stack(0x0000000056270000,0x0000000056370000)]
  0x000000000260f000 JavaThread "main" [_thread_in_Java, id=14188, stack(0x0000000002680000,0x0000000002780000)]

Other Threads:
  0x00000000550ba800 VMThread [stack: 0x0000000056020000,0x0000000056120000] [id=13496]
  0x00000000565ce800 WatcherThread [stack: 0x00000000571e0000,0x00000000572e0000] [id=11540]

VM state:not at safepoint (normal execution)

VM Mutex/Monitor currently owned by a thread: None

Heap:
 PSYoungGen      total 143872K, used 29001K [0x00000000eab00000, 0x00000000f4400000, 0x0000000100000000)
  eden space 131072K, 22% used [0x00000000eab00000,0x00000000ec752678,0x00000000f2b00000)
  from space 12800K, 0% used [0x00000000f2b00000,0x00000000f2b00000,0x00000000f3780000)
  to   space 12288K, 0% used [0x00000000f3800000,0x00000000f3800000,0x00000000f4400000)
 ParOldGen       total 44032K, used 26571K [0x00000000c0000000, 0x00000000c2b00000, 0x00000000eab00000)
  object space 44032K, 60% used [0x00000000c0000000,0x00000000c19f2fc8,0x00000000c2b00000)
 Metaspace       used 6356K, capacity 7160K, committed 7296K, reserved 1056768K
  class space    used 611K, capacity 624K, committed 640K, reserved 1048576K

Card table byte_map: [0x0000000011b40000,0x0000000011d50000] byte_map_base: 0x0000000011540000

Marking Bits: (ParMarkBitMap*) 0x000000006c1564f0
 Begin Bits: [0x0000000012530000, 0x0000000013530000)
 End Bits:   [0x0000000013530000, 0x0000000014530000)

Polling page: 0x00000000001f0000

CodeCache: size=245760Kb used=7531Kb max_used=7550Kb free=238229Kb
 bounds [0x0000000002780000, 0x0000000002ef0000, 0x0000000011780000]
 total_blobs=2226 nmethods=1955 adapters=182
 compilation: disabled (not enough contiguous free space left)

Compilation events (10 events):
Event: 4.287 Thread 0x0000000056570800 nmethod 2086 0x0000000002eddd10 code [0x0000000002eddee0, 0x0000000002ede758]
Event: 4.287 Thread 0x0000000056570800 2079       1       com.android.dx.rop.cst.CstKnownNull::getType (4 bytes)
Event: 4.287 Thread 0x0000000056570800 nmethod 2079 0x0000000002edeb10 code [0x0000000002edec60, 0x0000000002eded70]
Event: 4.287 Thread 0x0000000056570800 2077       2       com.android.dx.cf.code.ExecutionStack::clear (40 bytes)
Event: 4.288 Thread 0x0000000056570800 nmethod 2077 0x0000000002ededd0 code [0x0000000002edef60, 0x0000000002edf248]
Event: 4.288 Thread 0x0000000056570800 2078       2       com.android.dx.cf.code.Ropper$CatchInfo::getSetup (53 bytes)
Event: 4.288 Thread 0x0000000056570800 nmethod 2078 0x0000000002edf490 code [0x0000000002edf620, 0x0000000002edf968]
Event: 4.288 Thread 0x0000000056570800 2075       2       com.android.dx.rop.cst.CstString::<init> (42 bytes)
Event: 4.290 Thread 0x0000000056570800 

Event: 4.298 Thread 0x0000000056517000 


GC Heap History (10 events):
Event: 3.583 GC heap before
{Heap before GC invocations=5 (full 0):
 PSYoungGen      total 68096K, used 68074K [0x00000000eab00000, 0x00000000ef000000, 0x0000000100000000)
  eden space 65536K, 100% used [0x00000000eab00000,0x00000000eeb00000,0x00000000eeb00000)
  from space 2560K, 99% used [0x00000000eed80000,0x00000000eeffa8c0,0x00000000ef000000)
  to   space 2560K, 0% used [0x00000000eeb00000,0x00000000eeb00000,0x00000000eed80000)
 ParOldGen       total 44032K, used 13109K [0x00000000c0000000, 0x00000000c2b00000, 0x00000000eab00000)
  object space 44032K, 29% used [0x00000000c0000000,0x00000000c0ccd578,0x00000000c2b00000)
 Metaspace       used 6284K, capacity 7156K, committed 7296K, reserved 1056768K
  class space    used 606K, capacity 620K, committed 640K, reserved 1048576K
Event: 3.699 GC heap after
Heap after GC invocations=5 (full 0):
 PSYoungGen      total 68096K, used 2531K [0x00000000eab00000, 0x00000000f4500000, 0x0000000100000000)
  eden space 65536K, 0% used [0x00000000eab00000,0x00000000eab00000,0x00000000eeb00000)
  from space 2560K, 98% used [0x00000000eeb00000,0x00000000eed78d18,0x00000000eed80000)
  to   space 13312K, 0% used [0x00000000f3800000,0x00000000f3800000,0x00000000f4500000)
 ParOldGen       total 44032K, used 23261K [0x00000000c0000000, 0x00000000c2b00000, 0x00000000eab00000)
  object space 44032K, 52% used [0x00000000c0000000,0x00000000c16b7590,0x00000000c2b00000)
 Metaspace       used 6284K, capacity 7156K, committed 7296K, reserved 1056768K
  class space    used 606K, capacity 620K, committed 640K, reserved 1048576K
}
Event: 3.811 GC heap before
{Heap before GC invocations=6 (full 0):
 PSYoungGen      total 68096K, used 24212K [0x00000000eab00000, 0x00000000f4500000, 0x0000000100000000)
  eden space 65536K, 33% used [0x00000000eab00000,0x00000000ec02c388,0x00000000eeb00000)
  from space 2560K, 98% used [0x00000000eeb00000,0x00000000eed78d18,0x00000000eed80000)
  to   space 13312K, 0% used [0x00000000f3800000,0x00000000f3800000,0x00000000f4500000)
 ParOldGen       total 44032K, used 23261K [0x00000000c0000000, 0x00000000c2b00000, 0x00000000eab00000)
  object space 44032K, 52% used [0x00000000c0000000,0x00000000c16b7590,0x00000000c2b00000)
 Metaspace       used 6343K, capacity 7160K, committed 7296K, reserved 1056768K
  class space    used 611K, capacity 624K, committed 640K, reserved 1048576K
Event: 3.828 GC heap after
Heap after GC invocations=6 (full 0):
 PSYoungGen      total 143360K, used 5939K [0x00000000eab00000, 0x00000000f4400000, 0x0000000100000000)
  eden space 131072K, 0% used [0x00000000eab00000,0x00000000eab00000,0x00000000f2b00000)
  from space 12288K, 48% used [0x00000000f3800000,0x00000000f3dcce50,0x00000000f4400000)
  to   space 12800K, 0% used [0x00000000f2b00000,0x00000000f2b00000,0x00000000f3780000)
 ParOldGen       total 44032K, used 23261K [0x00000000c0000000, 0x00000000c2b00000, 0x00000000eab00000)
  object space 44032K, 52% used [0x00000000c0000000,0x00000000c16b7590,0x00000000c2b00000)
 Metaspace       used 6343K, capacity 7160K, committed 7296K, reserved 1056768K
  class space    used 611K, capacity 624K, committed 640K, reserved 1048576K
}
Event: 3.828 GC heap before
{Heap before GC invocations=7 (full 1):
 PSYoungGen      total 143360K, used 5939K [0x00000000eab00000, 0x00000000f4400000, 0x0000000100000000)
  eden space 131072K, 0% used [0x00000000eab00000,0x00000000eab00000,0x00000000f2b00000)
  from space 12288K, 48% used [0x00000000f3800000,0x00000000f3dcce50,0x00000000f4400000)
  to   space 12800K, 0% used [0x00000000f2b00000,0x00000000f2b00000,0x00000000f3780000)
 ParOldGen       total 44032K, used 23261K [0x00000000c0000000, 0x00000000c2b00000, 0x00000000eab00000)
  object space 44032K, 52% used [0x00000000c0000000,0x00000000c16b7590,0x00000000c2b00000)
 Metaspace       used 6343K, capacity 7160K, committed 7296K, reserved 1056768K
  class space    used 611K, capacity 624K, committed 640K, reserved 1048576K
Event: 4.012 GC heap after
Heap after GC invocations=7 (full 1):
 PSYoungGen      total 143360K, used 0K [0x00000000eab00000, 0x00000000f4400000, 0x0000000100000000)
  eden space 131072K, 0% used [0x00000000eab00000,0x00000000eab00000,0x00000000f2b00000)
  from space 12288K, 0% used [0x00000000f3800000,0x00000000f3800000,0x00000000f4400000)
  to   space 12800K, 0% used [0x00000000f2b00000,0x00000000f2b00000,0x00000000f3780000)
 ParOldGen       total 44032K, used 26593K [0x00000000c0000000, 0x00000000c2b00000, 0x00000000eab00000)
  object space 44032K, 60% used [0x00000000c0000000,0x00000000c19f87a8,0x00000000c2b00000)
 Metaspace       used 6343K, capacity 7160K, committed 7296K, reserved 1056768K
  class space    used 611K, capacity 624K, committed 640K, reserved 1048576K
}
Event: 4.012 GC heap before
{Heap before GC invocations=8 (full 1):
 PSYoungGen      total 143360K, used 0K [0x00000000eab00000, 0x00000000f4400000, 0x0000000100000000)
  eden space 131072K, 0% used [0x00000000eab00000,0x00000000eab00000,0x00000000f2b00000)
  from space 12288K, 0% used [0x00000000f3800000,0x00000000f3800000,0x00000000f4400000)
  to   space 12800K, 0% used [0x00000000f2b00000,0x00000000f2b00000,0x00000000f3780000)
 ParOldGen       total 44032K, used 26593K [0x00000000c0000000, 0x00000000c2b00000, 0x00000000eab00000)
  object space 44032K, 60% used [0x00000000c0000000,0x00000000c19f87a8,0x00000000c2b00000)
 Metaspace       used 6343K, capacity 7160K, committed 7296K, reserved 1056768K
  class space    used 611K, capacity 624K, committed 640K, reserved 1048576K
Event: 4.013 GC heap after
Heap after GC invocations=8 (full 1):
 PSYoungGen      total 143872K, used 0K [0x00000000eab00000, 0x00000000f4400000, 0x0000000100000000)
  eden space 131072K, 0% used [0x00000000eab00000,0x00000000eab00000,0x00000000f2b00000)
  from space 12800K, 0% used [0x00000000f2b00000,0x00000000f2b00000,0x00000000f3780000)
  to   space 12288K, 0% used [0x00000000f3800000,0x00000000f3800000,0x00000000f4400000)
 ParOldGen       total 44032K, used 26593K [0x00000000c0000000, 0x00000000c2b00000, 0x00000000eab00000)
  object space 44032K, 60% used [0x00000000c0000000,0x00000000c19f87a8,0x00000000c2b00000)
 Metaspace       used 6343K, capacity 7160K, committed 7296K, reserved 1056768K
  class space    used 611K, capacity 624K, committed 640K, reserved 1048576K
}
Event: 4.013 GC heap before
{Heap before GC invocations=9 (full 2):
 PSYoungGen      total 143872K, used 0K [0x00000000eab00000, 0x00000000f4400000, 0x0000000100000000)
  eden space 131072K, 0% used [0x00000000eab00000,0x00000000eab00000,0x00000000f2b00000)
  from space 12800K, 0% used [0x00000000f2b00000,0x00000000f2b00000,0x00000000f3780000)
  to   space 12288K, 0% used [0x00000000f3800000,0x00000000f3800000,0x00000000f4400000)
 ParOldGen       total 44032K, used 26593K [0x00000000c0000000, 0x00000000c2b00000, 0x00000000eab00000)
  object space 44032K, 60% used [0x00000000c0000000,0x00000000c19f87a8,0x00000000c2b00000)
 Metaspace       used 6343K, capacity 7160K, committed 7296K, reserved 1056768K
  class space    used 611K, capacity 624K, committed 640K, reserved 1048576K
Event: 4.232 GC heap after
Heap after GC invocations=9 (full 2):
 PSYoungGen      total 143872K, used 0K [0x00000000eab00000, 0x00000000f4400000, 0x0000000100000000)
  eden space 131072K, 0% used [0x00000000eab00000,0x00000000eab00000,0x00000000f2b00000)
  from space 12800K, 0% used [0x00000000f2b00000,0x00000000f2b00000,0x00000000f3780000)
  to   space 12288K, 0% used [0x00000000f3800000,0x00000000f3800000,0x00000000f4400000)
 ParOldGen       total 44032K, used 26571K [0x00000000c0000000, 0x00000000c2b00000, 0x00000000eab00000)
  object space 44032K, 60% used [0x00000000c0000000,0x00000000c19f2fc8,0x00000000c2b00000)
 Metaspace       used 6343K, capacity 7160K, committed 7296K, reserved 1056768K
  class space    used 611K, capacity 624K, committed 640K, reserved 1048576K
}

Deoptimization events (10 events):
Event: 4.256 Thread 0x00000000572f4800 Uncommon trap: reason=unstable_if action=reinterpret pc=0x0000000002e1ee54 method=com.android.dx.ssa.LiteralOpUpgrader$1.visitNonMoveInsn(Lcom/android/dx/ssa/NormalSsaInsn;)V @ 176
Event: 4.260 Thread 0x00000000572f3800 Uncommon trap: reason=bimorphic action=maybe_recompile pc=0x0000000002d0c46c method=com.android.dx.ssa.LiteralOpUpgrader.tryReplacingWithConstant(Lcom/android/dx/ssa/NormalSsaInsn;)Z @ 62
Event: 4.261 Thread 0x00000000572f3800 Uncommon trap: reason=unstable_if action=reinterpret pc=0x0000000002ea2bc8 method=java.util.HashMap.putVal(ILjava/lang/Object;Ljava/lang/Object;ZZ)Ljava/lang/Object; @ 162
Event: 4.297 Thread 0x0000000056802000 Uncommon trap: reason=unstable_if action=reinterpret pc=0x00000000029d4308 method=java.util.HashMap.getNode(ILjava/lang/Object;)Ljava/util/HashMap$Node; @ 84
Event: 4.311 Thread 0x00000000572f4800 Uncommon trap: reason=bimorphic action=maybe_recompile pc=0x0000000002d0c46c method=com.android.dx.ssa.LiteralOpUpgrader.tryReplacingWithConstant(Lcom/android/dx/ssa/NormalSsaInsn;)Z @ 62
Event: 4.331 Thread 0x00000000572f1000 Uncommon trap: reason=bimorphic action=maybe_recompile pc=0x0000000002d72ea4 method=com.android.dx.cf.code.BytecodeArray.parseInstruction(ILcom/android/dx/cf/code/BytecodeArray$Visitor;)I @ 971
Event: 4.331 Thread 0x00000000572f1000 Uncommon trap: reason=bimorphic action=maybe_recompile pc=0x0000000002d72ea4 method=com.android.dx.cf.code.BytecodeArray.parseInstruction(ILcom/android/dx/cf/code/BytecodeArray$Visitor;)I @ 971
Event: 4.335 Thread 0x00000000572f1000 Uncommon trap: reason=bimorphic action=maybe_recompile pc=0x0000000002d72e24 method=com.android.dx.cf.code.BytecodeArray.parseInstruction(ILcom/android/dx/cf/code/BytecodeArray$Visitor;)I @ 955
Event: 4.335 Thread 0x00000000572f1000 Uncommon trap: reason=bimorphic action=maybe_recompile pc=0x0000000002d732b8 method=com.android.dx.cf.code.BytecodeArray.parseInstruction(ILcom/android/dx/cf/code/BytecodeArray$Visitor;)I @ 1130
Event: 4.335 Thread 0x00000000572f1000 Uncommon trap: reason=bimorphic action=maybe_recompile pc=0x0000000002d72ea4 method=com.android.dx.cf.code.BytecodeArray.parseInstruction(ILcom/android/dx/cf/code/BytecodeArray$Visitor;)I @ 971

Internal exceptions (8 events):
Event: 0.058 Thread 0x000000000260f000 Exception <a 'java/lang/NoSuchMethodError': Method sun.misc.Unsafe.defineClass(Ljava/lang/String;[BII)Ljava/lang/Class; name or signature does not match> (0x00000000eab07cc0) thrown at [D:\re\workspace\8-2-build-windows-amd64-cygwin\jdk8u92\6642\hotspot\srãùK{…­?
Event: 0.058 Thread 0x000000000260f000 Exception <a 'java/lang/NoSuchMethodError': Method sun.misc.Unsafe.prefetchRead(Ljava/lang/Object;J)V name or signature does not match> (0x00000000eab07fa8) thrown at [D:\re\workspace\8-2-build-windows-amd64-cygwin\jdk8u92\6642\hotspot\src\share\vm\prims\jŸ_Ä¨+ õ?
Event: 1.320 Thread 0x000000000260f000 Implicit null exception at 0x00000000029efc8d to 0x00000000029f187d
Event: 1.514 Thread 0x0000000056802000 Implicit null exception at 0x0000000002a0847d to 0x0000000002a0a445
Event: 2.808 Thread 0x0000000056802000 Implicit null exception at 0x0000000002a02fac to 0x0000000002a03699
Event: 4.233 Thread 0x0000000056802000 Exception <a 'java/lang/OutOfMemoryError'> (0x00000000c004eef8) thrown at [D:\re\workspace\8-2-build-windows-amd64-cygwin\jdk8u92\6642\hotspot\src\share\vm\memory\metaspace.cpp, line 3569]
Event: 4.233 Thread 0x0000000056802000 Exception <a 'java/lang/OutOfMemoryError'> (0x00000000c004eef8) thrown at [D:\re\workspace\8-2-build-windows-amd64-cygwin\jdk8u92\6642\hotspot\src\share\vm\oops\instanceKlass.cpp, line 948]
Event: 4.261 Thread 0x00000000572f3800 Exception <a 'java/lang/NoClassDefFoundError': Could not initialize class sun.reflect.generics.repository.ClassRepository> (0x00000000eb10b968) thrown at [D:\re\workspace\8-2-build-windows-amd64-cygwin\jdk8u92\6642\hotspot\src\share\vm\oops\instanceKlass.c

Events (10 events):
Event: 4.331 Thread 0x00000000572f1000 DEOPT UNPACKING pc=0x00000000027c582a sp=0x0000000057bde9f8 mode 2
Event: 4.335 Thread 0x00000000572f1000 Uncommon trap: trap_request=0xffffffc6 fr.pc=0x0000000002d72e24
Event: 4.335 Thread 0x00000000572f1000 DEOPT PACKING pc=0x0000000002d72e24 sp=0x0000000057bdeb90
Event: 4.335 Thread 0x00000000572f1000 DEOPT UNPACKING pc=0x00000000027c582a sp=0x0000000057bdeb58 mode 2
Event: 4.335 Thread 0x00000000572f1000 Uncommon trap: trap_request=0xffffffc6 fr.pc=0x0000000002d732b8
Event: 4.335 Thread 0x00000000572f1000 DEOPT PACKING pc=0x0000000002d732b8 sp=0x0000000057bdeb90
Event: 4.335 Thread 0x00000000572f1000 DEOPT UNPACKING pc=0x00000000027c582a sp=0x0000000057bdeb58 mode 2
Event: 4.335 Thread 0x00000000572f1000 Uncommon trap: trap_request=0xffffffc6 fr.pc=0x0000000002d72ea4
Event: 4.335 Thread 0x00000000572f1000 DEOPT PACKING pc=0x0000000002d72ea4 sp=0x0000000057bdeb90
Event: 4.335 Thread 0x00000000572f1000 DEOPT UNPACKING pc=0x00000000027c582a sp=0x0000000057bdeb58 mode 2


Dynamic libraries:
0x000000013f620000 - 0x000000013f657000 	C:\Program Files\Java\jdk1.8.0_92\bin\java.exe
0x0000000076fa0000 - 0x000000007714a000 	C:\windows\SYSTEM32\ntdll.dll
0x0000000076c40000 - 0x0000000076d5f000 	C:\windows\system32\kernel32.dll
0x000007fefce70000 - 0x000007fefcedb000 	C:\windows\system32\KERNELBASE.dll
0x000007feff140000 - 0x000007feff21b000 	C:\windows\system32\ADVAPI32.dll
0x000007fefd430000 - 0x000007fefd4cf000 	C:\windows\system32\msvcrt.dll
0x000007fefe220000 - 0x000007fefe23f000 	C:\windows\SYSTEM32\sechost.dll
0x000007fefd4d0000 - 0x000007fefd5fd000 	C:\windows\system32\RPCRT4.dll
0x0000000076ea0000 - 0x0000000076f9a000 	C:\windows\system32\USER32.dll
0x000007fefe1b0000 - 0x000007fefe217000 	C:\windows\system32\GDI32.dll
0x000007fefd700000 - 0x000007fefd70e000 	C:\windows\system32\LPK.dll
0x000007fefd2b0000 - 0x000007fefd37a000 	C:\windows\system32\USP10.dll
0x000007fefb480000 - 0x000007fefb674000 	C:\windows\WinSxS\amd64_microsoft.windows.common-controls_6595b64144ccf1df_6.0.7601.18837_none_fa3b1e3d17594757\COMCTL32.dll
0x000007fefd380000 - 0x000007fefd3f1000 	C:\windows\system32\SHLWAPI.dll
0x000007fefd400000 - 0x000007fefd42e000 	C:\windows\system32\IMM32.DLL
0x000007fefd990000 - 0x000007fefda99000 	C:\windows\system32\MSCTF.dll
0x000000006c290000 - 0x000000006c362000 	C:\Program Files\Java\jdk1.8.0_92\jre\bin\msvcr100.dll
0x000000006b940000 - 0x000000006c1d6000 	C:\Program Files\Java\jdk1.8.0_92\jre\bin\server\jvm.dll
0x000007fef8ff0000 - 0x000007fef8ff9000 	C:\windows\system32\WSOCK32.dll
0x000007fefdc30000 - 0x000007fefdc7d000 	C:\windows\system32\WS2_32.dll
0x000007feff2a0000 - 0x000007feff2a8000 	C:\windows\system32\NSI.dll
0x000007fefcd20000 - 0x000007fefcd5b000 	C:\windows\system32\WINMM.dll
0x000007fefbdd0000 - 0x000007fefbddc000 	C:\windows\system32\VERSION.dll
0x0000000077160000 - 0x0000000077167000 	C:\windows\system32\PSAPI.DLL
0x0000000073e80000 - 0x0000000073e8f000 	C:\Program Files\Java\jdk1.8.0_92\jre\bin\verify.dll
0x0000000073120000 - 0x0000000073149000 	C:\Program Files\Java\jdk1.8.0_92\jre\bin\java.dll
0x00000000731d0000 - 0x00000000731e6000 	C:\Program Files\Java\jdk1.8.0_92\jre\bin\zip.dll
0x000007fefe3b0000 - 0x000007feff139000 	C:\windows\system32\SHELL32.dll
0x000007fefdfa0000 - 0x000007fefe1a3000 	C:\windows\system32\ole32.dll
0x000007fefcc70000 - 0x000007fefcc7f000 	C:\windows\system32\profapi.dll

VM Arguments:
jvm_args: -Djava.awt.headless=true -Xmx1024M -Dfile.encoding=GBK -Duser.country=CN -Duser.language=zh -Duser.variant 
java_command: com.android.dx.command.Main --dex --num-threads=4 --output E:\my\MyApplication2\app_new\build\intermediates\pre-dexed\debug\com.android.support-appcompat-v7-24.1.1_d64d31e1cea7c5905f81c5988d37d59a6792ecaa.jar E:\my\MyApplication2\app_new\build\intermediates\exploded-aar\com.android.support\appcompat-v7\24.1.1\jars\classes.jar
java_class_path (initial): D:\Androidss\sdk\sdk\build-tools\24.0.1\lib\dx.jar
Launcher Type: SUN_STANDARD

Environment Variables:
JAVA_HOME=C:\Program Files\Java\jdk1.8.0_92
PATH=C:\Program Files\Java\jdk1.8.0_92\bin;C:\windows\system32;C:\windows;C:\windows\System32\Wbem;C:\windows\System32\WindowsPowerShell\v1.0\;C:\Program Files (x86)\Intel\OpenCL SDK\2.0\bin\x86;C:\Program Files (x86)\Intel\OpenCL SDK\2.0\bin\x64;
USERNAME=Administrator
OS=Windows_NT
PROCESSOR_IDENTIFIER=Intel64 Family 6 Model 42 Stepping 7, GenuineIntel



---------------  S Y S T E M  ---------------

OS: Windows 7 , 64 bit Build 7601 (6.1.7601.19135)

CPU:total 4 (4 cores per cpu, 1 threads per core) family 6 model 42 stepping 7, cmov, cx8, fxsr, mmx, sse, sse2, sse3, ssse3, sse4.1, sse4.2, popcnt, avx, clmul, tsc, tscinvbit

Memory: 4k page, physical 4133888k(620384k free), swap 5180628k(34416k free)

vm_info: Java HotSpot(TM) 64-Bit Server VM (25.92-b14) for windows-amd64 JRE (1.8.0_92-b14), built on Mar 31 2016 21:03:04 by "java_re" with MS VC++ 10.0 (VS2010)

time: Thu Sep 29 17:01:36 2016
elapsed time: 5 seconds (0d 0h 0m 5s)

